Case #1: 1 0
Case #2: 1 0
Case #3: 1 1
Case #4: 0 0
Case #5: 500 499
Case #6: 1 0
Case #7: 1 1
Case #8: 0 0
Case #9: 3905 3905
Case #10: 1 1
Case #11: 1 0
Case #12: 0 0
Case #13: 1 1
Case #14: 7812 7811
Case #15: 1 0
Case #16: 0 0
Case #17: 0 0
Case #18: 0 0
Case #19: 0 0
Case #20: 1 0
Case #21: 0 0
Case #22: 0 0
Case #23: 0 0
Case #24: 0 0
Case #25: 1 0
Case #26: 250000 249999
Case #27: 249999 249999
Case #28: 3 2
Case #29: 0 0
Case #30: 0 0
Case #31: 3 2
Case #32: 0 0
Case #33: 1 0
Case #34: 0 0
Case #35: 1 0
Case #36: 0 0
Case #37: 1 0
Case #38: 0 0
Case #39: 0 0
Case #40: 0 0
Case #41: 1 0
Case #42: 1 1
Case #43: 0 0
Case #44: 1 0
Case #45: 0 0
Case #46: 0 0
Case #47: 1 0
Case #48: 3906 3905
Case #49: 0 0
Case #50: 0 0
Case #51: 0 0
Case #52: 0 0
Case #53: 3 2
Case #54: 0 0
Case #55: 0 0
Case #56: 0 0
Case #57: 1 0
Case #58: 0 0
Case #59: 250000 249999
Case #60: 1 0
Case #61: 125000 124999
Case #62: 499999 499999
Case #63: 0 0
Case #64: 1 0
Case #65: 1953 1952
Case #66: 0 0
Case #67: 0 0
Case #68: 1 1
Case #69: 500000 499999
Case #70: 0 0
Case #71: 0 0
Case #72: 1 1
Case #73: 2 2
Case #74: 0 0
Case #75: 1 1
Case #76: 1 0
Case #77: 0 0
Case #78: 0 0
Case #79: 1 1
Case #80: 0 0
Case #81: 3906 3905
Case #82: 0 0
Case #83: 0 0
Case #84: 0 0
Case #85: 2 1
Case #86: 0 0
Case #87: 7812 7811
Case #88: 0 0
Case #89: 1 0
Case #90: 1 0
Case #91: 1 1
Case #92: 0 0
Case #93: 1 1
Case #94: 0 0
Case #95: 0 0
Case #96: 0 0
Case #97: 0 0
Case #98: 1 0
Case #99: 1 0
Case #100: 0 0
