Case #1: 1 0
Case #2: 1 0
Case #3: 1 1
Case #4: 0 0
Case #5: 500 499
Case #6: 0 0
Case #7: 3 3
Case #8: 1 1
Case #9: 0 0
Case #10: 3 2
Case #11: 1 0
Case #12: 0 0
Case #13: 0 0
Case #14: 0 0
Case #15: 0 0
Case #16: 1 0
Case #17: 1 0
Case #18: 0 0
Case #19: 0 0
Case #20: 1 0
Case #21: 3 3
Case #22: 1 0
Case #23: 0 0
Case #24: 1 1
Case #25: 0 0
Case #26: 0 0
Case #27: 1 1
Case #28: 1 0
Case #29: 1 1
Case #30: 250 249
Case #31: 2 2
Case #32: 3 3
Case #33: 1 1
Case #34: 0 0
Case #35: 0 0
Case #36: 499 499
Case #37: 0 0
Case #38: 0 0
Case #39: 250 249
Case #40: 7 6
Case #41: 1 0
Case #42: 1 0
Case #43: 1 1
Case #44: 1 0
Case #45: 0 0
Case #46: 1 0
Case #47: 249 249
Case #48: 0 0
Case #49: 0 0
Case #50: 0 0
Case #51: 1 0
Case #52: 0 0
Case #53: 1 1
Case #54: 0 0
Case #55: 0 0
Case #56: 1 0
Case #57: 0 0
Case #58: 0 0
Case #59: 0 0
Case #60: 1 0
Case #61: 0 0
Case #62: 0 0
Case #63: 1 0
Case #64: 0 0
Case #65: 1 1
Case #66: 0 0
Case #67: 0 0
Case #68: 1 0
Case #69: 1 1
Case #70: 3 2
Case #71: 0 0
Case #72: 0 0
Case #73: 1 0
Case #74: 3 3
Case #75: 0 0
Case #76: 0 0
Case #77: 0 0
Case #78: 0 0
Case #79: 0 0
Case #80: 0 0
Case #81: 0 0
Case #82: 0 0
Case #83: 0 0
Case #84: 0 0
Case #85: 2 1
Case #86: 3 2
Case #87: 1 0
Case #88: 3 2
Case #89: 0 0
Case #90: 125 124
Case #91: 1 1
Case #92: 0 0
Case #93: 0 0
Case #94: 0 0
Case #95: 0 0
Case #96: 7 6
Case #97: 0 0
Case #98: 0 0
Case #99: 0 0
Case #100: 0 0
