Case #1: 1 0
Case #2: 1 0
Case #3: 1 1
Case #4: 0 0
Case #5: 500 499
Case #6: 0 0
Case #7: 0 0
Case #8: 0 0
Case #9: 1 1
Case #10: 7 6
Case #11: 1 0
Case #12: 7 6
Case #13: 2 1
Case #14: 1 0
Case #15: 0 0
Case #16: 1 0
Case #17: 1 0
Case #18: 1 1
Case #19: 0 0
Case #20: 0 0
Case #21: 0 0
Case #22: 1 1
Case #23: 1 1
Case #24: 0 0
Case #25: 0 0
Case #26: 0 0
Case #27: 0 0
Case #28: 1 1
Case #29: 0 0
Case #30: 1 1
Case #31: 1 1
Case #32: 0 0
Case #33: 1 1
Case #34: 1 1
Case #35: 3 2
Case #36: 0 0
Case #37: 1 0
Case #38: 125 124
Case #39: 0 0
Case #40: 0 0
Case #41: 1 1
Case #42: 1 0
Case #43: 499 499
Case #44: 0 0
Case #45: 1 0
Case #46: 0 0
Case #47: 1 1
Case #48: 0 0
Case #49: 0 0
Case #50: 0 0
Case #51: 0 0
Case #52: 2 2
Case #53: 0 0
Case #54: 3 2
Case #55: 1 0
Case #56: 0 0
Case #57: 0 0
Case #58: 250 249
Case #59: 0 0
Case #60: 0 0
Case #61: 0 0
Case #62: 1 1
Case #63: 3 2
Case #64: 249 249
Case #65: 3 3
Case #66: 0 0
Case #67: 0 0
Case #68: 0 0
Case #69: 0 0
Case #70: 1 0
Case #71: 0 0
Case #72: 0 0
Case #73: 1 1
Case #74: 0 0
Case #75: 0 0
Case #76: 0 0
Case #77: 3 3
Case #78: 1 1
Case #79: 0 0
Case #80: 1 1
Case #81: 0 0
Case #82: 3 3
Case #83: 1 1
Case #84: 0 0
Case #85: 1 1
Case #86: 0 0
Case #87: 3 2
Case #88: 1 1
Case #89: 3 3
Case #90: 0 0
Case #91: 1 1
Case #92: 1 0
Case #93: 0 0
Case #94: 250 249
Case #95: 1 0
Case #96: 0 0
Case #97: 0 0
Case #98: 0 0
Case #99: 1 1
Case #100: 0 0
