Case #1:
GGG
CCC
JJJ
Case #2:
CODE
CODE
JJAM
Case #3:
CA
KE
Case #4:
QQQQQQQQQQQQQQQQQQQQQQQQQ
QQQQQQQQQQQQQQQQQQQQQQQQQ
QQQQQQQQQQQQQQQQQQQQQQQQQ
QQQQQQQQQQQQQQQQQQQQQQQQQ
QQQQQQQQQQQQQQQQQQQQQQQQQ
QQQQQQQQQQQQQQQQQQQQQQQQQ
QQQQQQQQQQQQQQQQQQQQQQQQQ
QQQQQQQQQQQQQQQQQQQQQQQQQ
QQQQQQQQQQQQQQQQQQQQQQQQQ
QQQQQQQQQQQQQQQQQQQQQQQQQ
QQQQQQQQQQQQQQQQQQQQQQQQQ
QQQQQQQQQQQQQQQQQQQQQQQQQ
QQQQQQQQQQQQQQQQQQQQQQQQQ
QQQQQQQQQQQQQQQQQQQQQQQQQ
QQQQQQQQQQQQQQQQQQQQQQQQQ
QQQQQQQQQQQQQQQQQQQQQQQQQ
YRUDDDDDDDDDDDDDDDDDDDDDD
IIIIGGGGGGGGGGGGGGGGGGGGG
NNNAMLLLLLLLLLLLLLLLLLLLL
OHHBXEEEEEEEEEEEEEEEEEEEE
ZZVVCCCPPPPPPPPPPPPPPPPPP
ZZVVCCCPPPPPPPPPPPPPPPPPP
KKFFFFFFFFFFFFFFFFFFFFFFF
SWWWWWWWWWWWWWWWWWWWWWWWW
TTJJJJJJJJJJJJJJJJJJJJJJJ
Case #5:
MMMMMMMMMMMMMMMMHHHHHHHHH
MMMMMMMMMMMMMMMMHHHHHHHHH
MMMMMMMMMMMMMMMMHHHHHHHHH
GGGGGGGGGGGGGGGGTTTRRRFFF
CCCCCCCCCCCCCCCCCCWWWWWWW
NNNNNNNNNNNNNNNNLEEEEIZZZ
XXXXXXXXXXXXXXXXXXXXXXOQQ
SSSSSSSSSSSSSSSSSSKKUUAAD
VVVVVVVVVVVVVVVVVVVVVVVVV
BBBBBBBBBBBBBBBBBBBBBBBBB
PPPPPPPPPPPPPPPPPPPPPJJJJ
YYYYYYYYYYYYYYYYYYYYYYYYY
YYYYYYYYYYYYYYYYYYYYYYYYY
YYYYYYYYYYYYYYYYYYYYYYYYY
YYYYYYYYYYYYYYYYYYYYYYYYY
YYYYYYYYYYYYYYYYYYYYYYYYY
YYYYYYYYYYYYYYYYYYYYYYYYY
YYYYYYYYYYYYYYYYYYYYYYYYY
YYYYYYYYYYYYYYYYYYYYYYYYY
YYYYYYYYYYYYYYYYYYYYYYYYY
YYYYYYYYYYYYYYYYYYYYYYYYY
YYYYYYYYYYYYYYYYYYYYYYYYY
YYYYYYYYYYYYYYYYYYYYYYYYY
YYYYYYYYYYYYYYYYYYYYYYYYY
YYYYYYYYYYYYYYYYYYYYYYYYY
Case #6:
AAAAAAAAAAAAAAAAAAAAAAAAA
BBBBBBBBBBBBBBBBBBBBBBBBB
CCCCCCCCCCCCCCCCCCCCCCCCC
DDDDDDDDDDDDDDDDDDDDDDDDD
EEEEEEEEEEEEEEEEEEEEEEEEE
FFFFFFFFFFFFFFFFFFFFFFFFF
GGGGGGGGGGGGGGGGGGGGGGGGG
HHHHHHHHHHHHHHHHHHHHHHHHH
IIIIIIIIIIIIIIIIIIIIIIIII
JJJJJJJJJJJJJJJJJJJJJJJJJ
KKKKKKKKKKKKKKKKKKKKKKKKK
LLLLLLLLLLLLLLLLLLLLLLLLL
MMMMMMMMMMMMMMMMMMMMMMMMM
NNNNNNNNNNNNNNNNNNNNNNNNN
OOOOOOOOOOOOOOOOOOOOOOOOO
PPPPPPPPPPPPPPPPPPPPPPPPP
QQQQQQQQQQQQQQQQQQQQQQQQQ
RRRRRRRRRRRRRRRRRRRRRRRRR
SSSSSSSSSSSSSSSSSSSSSSSSS
TTTTTTTTTTTTTTTTTTTTTTTTT
UUUUUUUUUUUUUUUUUUUUUUUUU
VVVVVVVVVVVVVVVVVVVVVVVVV
WWWWWWWWWWWWWWWWWWWWWWWWW
XXXXXXXXXXXXXXXXXXXXXXXXX
YYYYYYYYYYYYYYYYYYYYYYYYY
Case #7:
AAAAAAAAAAAAAAAAAAAAAAAAA
AAAAAAAAAAAAAAAAAAAAAAAAA
AAAAAAAAAAAAAAAAAAAAAAAAA
AAAAAAAAAAAAAAAAAAAAAAAAA
AAAAAAAAAAAAAAAAAAAAAAAAA
AAAAAAAAAAAAAAAAAAAAAAAAA
AAAAAAAAAAAAAAAAAAAAAAAAA
AAAAAAAAAAAAAAAAAAAAAAAAA
AAAAAAAAAAAAAAAAAAAAAAAAA
AAAAAAAAAAAAAAAAAAAAAAAAA
AAAAAAAAAAAAAAAAAAAAAAAAA
AAAAAAAAAAAAAAAAAAAAAAAAA
AAAAAAAAAAAAAAAAAAAAAAAAA
AAAAAAAAAAAAAAAAAAAAAAAAA
AAAAAAAAAAAAAAAAAAAAAAAAA
AAAAAAAAAAAAAAAAAAAAAAAAA
ZZZZZZZZZZZZZZZZZZZZZZZZZ
LLLLLLLLLLKKKKKKKKKKKKKKK
RRRRRRRRRRRRRRRRRRRRRRRRR
QQQQYYYYYYYYYYYYYYYYYYYYY
XXXXIGGUUUOOOOOOOOOOOOOOO
HHHHHHHHBBBNFEEEEEEEEEEEE
SSSSSSSSCCCCJJJJJJJJJJJJJ
WWWWWWWWWWWWWWWWWWWWWWWWW
DPVVVVMMMMMTTTTTTTTTTTTTT
Case #8:
CCC
CCC
CCC
DDF
EAB
Case #9:
IIIIIIIIIIIIIIIRRRRRRRRRR
UUUUUUUUUUUUUUDTTTCCCCCCC
XXXXXXXXXXXQQQEMMMZZZZZZZ
VVVVVVVVVVVVVVHKFYGGGGGGG
BBBBBBBBBBBBAALLWNNNNNNNN
SSSSSSSSSSSSSSJJJJJJJJJJJ
OOOOOOOOOOOOOOOPPPPPPPPPP
OOOOOOOOOOOOOOOPPPPPPPPPP
OOOOOOOOOOOOOOOPPPPPPPPPP
OOOOOOOOOOOOOOOPPPPPPPPPP
OOOOOOOOOOOOOOOPPPPPPPPPP
OOOOOOOOOOOOOOOPPPPPPPPPP
OOOOOOOOOOOOOOOPPPPPPPPPP
OOOOOOOOOOOOOOOPPPPPPPPPP
OOOOOOOOOOOOOOOPPPPPPPPPP
OOOOOOOOOOOOOOOPPPPPPPPPP
OOOOOOOOOOOOOOOPPPPPPPPPP
OOOOOOOOOOOOOOOPPPPPPPPPP
OOOOOOOOOOOOOOOPPPPPPPPPP
OOOOOOOOOOOOOOOPPPPPPPPPP
OOOOOOOOOOOOOOOPPPPPPPPPP
OOOOOOOOOOOOOOOPPPPPPPPPP
OOOOOOOOOOOOOOOPPPPPPPPPP
OOOOOOOOOOOOOOOPPPPPPPPPP
OOOOOOOOOOOOOOOPPPPPPPPPP
Case #10:
AAAAAAAAAAAAAAAAAAAAABBBB
AAAAAAAAAAAAAAAAAAAAABBBB
AAAAAAAAAAAAAAAAAAAAABBBB
AAAAAAAAAAAAAAAAAAAAABBBB
AAAAAAAAAAAAAAAAAAAAABBBB
AAAAAAAAAAAAAAAAAAAAABBBB
AAAAAAAAAAAAAAAAAAAAABBBB
AAAAAAAAAAAAAAAAAAAAABBBB
AAAAAAAAAAAAAAAAAAAAABBBB
AAAAAAAAAAAAAAAAAAAAABBBB
AAAAAAAAAAAAAAAAAAAAABBBB
AAAAAAAAAAAAAAAAAAAAABBBB
AAAAAAAAAAAAAAAAAAAAABBBB
CCCCCCCCCCCCCCCCCCCCCCCCC
DDDDDDDDDDDDDDDDDDDDDDDDD
EEEEEEEEEEEEEEEEEEEEEEEEE
EEEEEEEEEEEEEEEEEEEEEEEEE
EEEEEEEEEEEEEEEEEEEEEEEEE
EEEEEEEEEEEEEEEEEEEEEEEEE
EEEEEEEEEEEEEEEEEEEEEEEEE
EEEEEEEEEEEEEEEEEEEEEEEEE
EEEEEEEEEEEEEEEEEEEEEEEEE
EEEEEEEEEEEEEEEEEEEEEEEEE
EEEEEEEEEEEEEEEEEEEEEEEEE
EEEEEEEEEEEEEEEEEEEEEEEEE
Case #11:
RRRRRRRRRRRRRRRRRRRRRRRRR
RRRRRRRRRRRRRRRRRRRRRRRRR
RRRRRRRRRRRRRRRRRRRRRRRRR
NNNNNNNNNNNNNNNNNNLLLLLLL
NNNNNNNNNNNNNNNNNNLLLLLLL
CCCCCCCCCCCCCCCCCCCCCCCCC
CCCCCCCCCCCCCCCCCCCCCCCCC
IIIIIIIIIIIIIIIIKKKKKKKKK
IIIIIIIIIIIIIIIIKKKKKKKKK
IIIIIIIIIIIIIIIIKKKKKKKKK
DDDDDDDDDDDDDDDDDDDDDDDDD
DDDDDDDDDDDDDDDDDDDDDDDDD
VVVVVVVVVVVVVVVVVVUUUUUUU
QQQQQQQQQQQQQQQQQQQQQQQQQ
SSSSSSSSSSSSSSSSSSSSSSSSS
PPPPPPPPPPPPWWWWWWWWWWWWW
FFFFFFFFFFFFFFAOOOOOOOOOO
JJJJJJJJJJJJJJJJJJHHHHHEE
JJJJJJJJJJJJJJJJJJHHHHHEE
JJJJJJJJJJJJJJJJJJHHHHHEE
BBBBBBBBBBBBBBBBBBBBBBBBB
TTTTTTTTTTTTTTTTTTTTTTTTT
MMMMMMMMMMMMMMMMGGGGYYYYY
XXXXXXXXXXXXXXXXXXXXXXXXX
ZZZZZZZZZZZZZZZZZZZZZZZZZ
Case #12:
AAAAA
AAAAA
AAAAA
Case #13:
SSSSZZZZZZZZUUUUUUUUUUUUU
SSSSZZZZZZZZUUUUUUUUUUUUU
SSSSZZZZZZZZUUUUUUUUUUUUU
VVVVVVVVVVVVVVVVVTTTTTTTT
RRRRRRRRRRRRRJJJJJJJJJJJJ
RRRRRRRRRRRRRJJJJJJJJJJJJ
EEEEEEEEEEEEEEEEEEEEEEEEP
KKKKKKKKKKKKKKKKKKKKKKKKK
AAAAAAAAAAAAAAAAAAAAAAAAA
NNNIIIIIIIIIIIIIIIIIIIIII
GGGGGGGGGGGGGGGGGGGGGGGGG
DDDDDDDDDDDDDDDDDDDDDDDMM
YYYYYYYYYYYYYYYYYYYYYYYYY
QQQQQQQQQQQQQQQQQQQQQQQQQ
LLLLLLLLLLLLLLLLLLLLLLLLL
LLLLLLLLLLLLLLLLLLLLLLLLL
LLLLLLLLLLLLLLLLLLLLLLLLL
LLLLLLLLLLLLLLLLLLLLLLLLL
LLLLLLLLLLLLLLLLLLLLLLLLL
LLLLLLLLLLLLLLLLLLLLLLLLL
XXXXXXXXXXXXXXXWWWWWWWWWW
XXXXXXXXXXXXXXXWWWWWWWWWW
XXXXXXXXXXXXXXXWWWWWWWWWW
HHHHHHHHHCCCBBBBBBBBBBBBB
FFFFFFFFFFFFOOOOOOOOOOOOO
Case #14:
TTTTTTTTTTTTTTYYYYYYAAAAA
FFFFFFFFFFFFFFFFFFFFFFFFF
HHHHHHHHHHHHHHHHHHHHHHHHH
VVVVVVQQQMMMMMMMMMMMMMMMM
PPPPPPPPPPPPPPPPPPPPPPPPP
OOOOOOOOOOOOOOOOOOOOSSSSS
LLLLLLLLLLLLLLLLLLLLLLLLL
LLLLLLLLLLLLLLLLLLLLLLLLL
LLLLLLLLLLLLLLLLLLLLLLLLL
NNNNNNNNNNNNNNNNNNNNNNNNN
GGGGGGGGGGGGGGGGGGGZZZZJJ
DDDDDDDDDDDDDDDDDDDDDDDDD
BBBBBBBBBBBBBBBBBBBBBBBBB
BBBBBBBBBBBBBBBBBBBBBBBBB
WWWWWWWWWWWWWWWWWWWWWWWWW
XXXXXXXXXXXCCCCCCCKKKKKKK
XXXXXXXXXXXCCCCCCCKKKKKKK
UUUUUUUUUUUUUUUUUUUUUUUUU
UUUUUUUUUUUUUUUUUUUUUUUUU
UUUUUUUUUUUUUUUUUUUUUUUUU
IIIIIIIIIIIIIIIIIIIIIIIII
EEEEEEEEEEEEEEEEEEEEEEEEE
EEEEEEEEEEEEEEEEEEEEEEEEE
RRRRRRRRRRRRRRRRRRRRRRRRR
RRRRRRRRRRRRRRRRRRRRRRRRR
Case #15:
AAAAAAABBBBBBBBBBBBBBBBBB
AAAAAAABBBBBBBBBBBBBBBBBB
AAAAAAABBBBBBBBBBBBBBBBBB
AAAAAAABBBBBBBBBBBBBBBBBB
AAAAAAABBBBBBBBBBBBBBBBBB
AAAAAAABBBBBBBBBBBBBBBBBB
AAAAAAABBBBBBBBBBBBBBBBBB
AAAAAAABBBBBBBBBBBBBBBBBB
CCCCCCCCCCCCCCCCCCCCCCCCC
DDDDDDDDDDDDDDDDDDDDDDDDD
EEEEEEEEEEEEEEEEEEEEEEEEE
EEEEEEEEEEEEEEEEEEEEEEEEE
EEEEEEEEEEEEEEEEEEEEEEEEE
EEEEEEEEEEEEEEEEEEEEEEEEE
EEEEEEEEEEEEEEEEEEEEEEEEE
EEEEEEEEEEEEEEEEEEEEEEEEE
EEEEEEEEEEEEEEEEEEEEEEEEE
EEEEEEEEEEEEEEEEEEEEEEEEE
EEEEEEEEEEEEEEEEEEEEEEEEE
EEEEEEEEEEEEEEEEEEEEEEEEE
EEEEEEEEEEEEEEEEEEEEEEEEE
EEEEEEEEEEEEEEEEEEEEEEEEE
EEEEEEEEEEEEEEEEEEEEEEEEE
EEEEEEEEEEEEEEEEEEEEEEEEE
EEEEEEEEEEEEEEEEEEEEEEEEE
Case #16:
LLLLLLLLLLLLLLLLLLLLLLLLL
LLLLLLLLLLLLLLLLLLLLLLLLL
LLLLLLLLLLLLLLLLLLLLLLLLL
LLLLLLLLLLLLLLLLLLLLLLLLL
LLLLLLLLLLLLLLLLLLLLLLLLL
LLLLLLLLLLLLLLLLLLLLLLLLL
LLLLLLLLLLLLLLLLLLLLLLLLL
LLLLLLLLLLLLLLLLLLLLLLLLL
LLLLLLLLLLLLLLLLLLLLLLLLL
LLLLLLLLLLLLLLLLLLLLLLLLL
LLLLLLLLLLLLLLLLLLLLLLLLL
LLLLLLLLLLLLLLLLLLLLLLLLL
LLLLLLLLLLLLLLLLLLLLLLLLL
LLLLLLLLLLLLLLLLLLLLLLLLL
GGGGGGGGGGGGGGGGGGGGGGGGG
UUUUUUUUUUUUUUUUUUUUUUUUU
NNNNNNNNNNNNDDBBBBBBBBBBB
RRRRRRRRRRXXXXXFFFFFFFFFF
RRRRRRRRRRXXXXXFFFFFFFFFF
QQQQQQQQQQQQQQQQQQYYYYYYY
CCCCCCCCCCCCCCCCCCCCCCCCC
WWWWWWWWWWWWEEEEESSMMMMMM
AAAAAAAAAAAAAAAAIOOOOOOOO
KKKKKKKZZZZZZJJVVVVHHHTTT
PPPPPPPPPPPPPPPPPPPPPPPPP
Case #17:
ABCDEFGHIJKLMNOPQRSTUVWXY
ABCDEFGHIJKLMNOPQRSTUVWXY
ABCDEFGHIJKLMNOPQRSTUVWXY
ABCDEFGHIJKLMNOPQRSTUVWXY
ABCDEFGHIJKLMNOPQRSTUVWXY
ABCDEFGHIJKLMNOPQRSTUVWXY
ABCDEFGHIJKLMNOPQRSTUVWXY
ABCDEFGHIJKLMNOPQRSTUVWXY
ABCDEFGHIJKLMNOPQRSTUVWXY
ABCDEFGHIJKLMNOPQRSTUVWXY
ABCDEFGHIJKLMNOPQRSTUVWXY
ABCDEFGHIJKLMNOPQRSTUVWXY
ABCDEFGHIJKLMNOPQRSTUVWXY
ABCDEFGHIJKLMNOPQRSTUVWXY
ABCDEFGHIJKLMNOPQRSTUVWXY
ABCDEFGHIJKLMNOPQRSTUVWXY
ABCDEFGHIJKLMNOPQRSTUVWXY
ABCDEFGHIJKLMNOPQRSTUVWXY
ABCDEFGHIJKLMNOPQRSTUVWXY
ABCDEFGHIJKLMNOPQRSTUVWXY
ABCDEFGHIJKLMNOPQRSTUVWXY
ABCDEFGHIJKLMNOPQRSTUVWXY
ABCDEFGHIJKLMNOPQRSTUVWXY
ABCDEFGHIJKLMNOPQRSTUVWXY
ABCDEFGHIJKLMNOPQRSTUVWXY
Case #18:
AAAAAACCCCCCCCCCCCCCCCCCC
AAAAAACCCCCCCCCCCCCCCCCCC
AAAAAACCCCCCCCCCCCCCCCCCC
AAAAAACCCCCCCCCCCCCCCCCCC
AAAAAACCCCCCCCCCCCCCCCCCC
EEEEEEEEEEEEEEEEEEEEEEEEE
EEEEEEEEEEEEEEEEEEEEEEEEE
EEEEEEEEEEEEEEEEEEEEEEEEE
EEEEEEEEEEEEEEEEEEEEEEEEE
BBBBBBBDDDDDDDDDDDDDDDDDD
BBBBBBBDDDDDDDDDDDDDDDDDD
BBBBBBBDDDDDDDDDDDDDDDDDD
BBBBBBBDDDDDDDDDDDDDDDDDD
BBBBBBBDDDDDDDDDDDDDDDDDD
BBBBBBBDDDDDDDDDDDDDDDDDD
BBBBBBBDDDDDDDDDDDDDDDDDD
FFFFFFFFFFFFFFFFFFFGGGGGG
HHHHHHHHHHHHHHHHHHHHHHHHH
IIIIIIIIIIIIIIIIIIIIIIIII
JJJJJJJJJJJJJJJJJJJJJJJJJ
JJJJJJJJJJJJJJJJJJJJJJJJJ
JJJJJJJJJJJJJJJJJJJJJJJJJ
JJJJJJJJJJJJJJJJJJJJJJJJJ
JJJJJJJJJJJJJJJJJJJJJJJJJ
JJJJJJJJJJJJJJJJJJJJJJJJJ
Case #19:
XXXXXXXXXXXXXXXXXXXXXXXXX
IIIIIIIIIIIIIIIIIIIIIIIII
OOOOOOOOOOOOOOOOJJJJJJJJJ
OOOOOOOOOOOOOOOOJJJJJJJJJ
ZZZZZZZZZZZZZZZZZHHHHHHHH
ZZZZZZZZZZZZZZZZZHHHHHHHH
RRRRRRRRRRRRRRRRRRRYYYYYY
AAAAAAAAAAAAAAAAAAAAAAAAC
EEEEEEEEEEEEEEEEEEEEEEEEE
EEEEEEEEEEEEEEEEEEEEEEEEE
MMMMMMMMMMMMMMMMMMMMMMMMM
MMMMMMMMMMMMMMMMMMMMMMMMM
MMMMMMMMMMMMMMMMMMMMMMMMM
TTTTTTTTTTTTTTQQQQQQQQQPP
DDDDDDDDDDDDDDDDDDDDDDDDD
LLLLLLLLLLLLLLLLLLLLLLLLL
LLLLLLLLLLLLLLLLLLLLLLLLL
NNNNNNNNNNNNNNNNNNNNNNNNN
NNNNNNNNNNNNNNNNNNNNNNNNN
NNNNNNNNNNNNNNNNNNNNNNNNN
WWWWWWWWWWWWWWWWWWWWWWWWW
BBBBBBBBBBBBBBBBBBBBBBBBB
UUUUUUUUUSSSSSGGGGGGGGGGG
KKKKKKKKKKKKKKKKKKKVVVVVV
FFFFFFFFFFFFFFFFFFFFFFFFF
Case #20:
AAAAAAAAAAAAAAAAAAAAAAAAA
BBBBBBBBBBBBBBBBBBBBBBBBB
CCCCCCCCCCCCCCCCCCCCCCCCC
DDDDDDDDDDDDDDDDDDDDDDDDD
EEEEEEEEEEEEEEEEEEEEEEEEE
FFFFFFFFFFFFFFFFFFFFFFFFF
GGGGGGGGGGGGGGGGGGGGGGGGG
HHHHHHHHHHHHHHHHHHHHHHHHH
IIIIIIIIIIIIIIIIIIIIIIIII
JJJJJJJJJJJJJJJJJJJJJJJJJ
KKKKKKKKKKKKKKKKKKKKKKKKK
LLLLLLLLLLLLLLLLLLLLLLLLL
MMMMMMMMMMMMMMMMMMMMMMMMM
NNNNNNNNNNNNNNNNNNNNNNNNN
OOOOOOOOOOOOOOOOOOOOOOOOO
PPPPPPPPPPPPPPPPPPPPPPPPP
QQQQQQQQQQQQQQQQQQQQQQQQQ
RRRRRRRRRRRRRRRRRRRRRRRRR
SSSSSSSSSSSSSSSSSSSSSSSSS
TTTTTTTTTTTTTTTTTTTTTTTTT
UUUUUUUUUUUUUUUUUUUUUUUUU
VVVVVVVVVVVVVVVVVVVVVVVVV
WWWWWWWWWWWWWWWWWWWWWWWWW
XXXXXXXXXXXXXXXXXXXXXXXXX
YYYYYYYYYYYYYYYYYYYYYYYYY
Case #21:
AAAA
AAAA
AAAA
AAAA
Case #22:
A
Case #23:
ZZZZZZZZZZZZZZZZMMFCCLLNA
EEEEEEEEEEEEEEEEEEEERBBBB
GGGGGGGGGGGGGGGGGGGHHHHQQ
KKKKKKKKKKKKKKKKKKSSPYWVX
TTTTTTTTTTTTTTTTTTTIIIIDD
OOOOOOOOOOOOOOOOOOOOOOUUU
JJJJJJJJJJJJJJJJJJJJJJJJJ
JJJJJJJJJJJJJJJJJJJJJJJJJ
JJJJJJJJJJJJJJJJJJJJJJJJJ
JJJJJJJJJJJJJJJJJJJJJJJJJ
JJJJJJJJJJJJJJJJJJJJJJJJJ
JJJJJJJJJJJJJJJJJJJJJJJJJ
JJJJJJJJJJJJJJJJJJJJJJJJJ
JJJJJJJJJJJJJJJJJJJJJJJJJ
JJJJJJJJJJJJJJJJJJJJJJJJJ
JJJJJJJJJJJJJJJJJJJJJJJJJ
JJJJJJJJJJJJJJJJJJJJJJJJJ
JJJJJJJJJJJJJJJJJJJJJJJJJ
JJJJJJJJJJJJJJJJJJJJJJJJJ
JJJJJJJJJJJJJJJJJJJJJJJJJ
JJJJJJJJJJJJJJJJJJJJJJJJJ
JJJJJJJJJJJJJJJJJJJJJJJJJ
JJJJJJJJJJJJJJJJJJJJJJJJJ
JJJJJJJJJJJJJJJJJJJJJJJJJ
JJJJJJJJJJJJJJJJJJJJJJJJJ
Case #24:
AABBCCDDEEFFGGHHIIJJKKLLM
NNNOOPPQQRRSSTTUUVVWWXXYY
ZZZZZZZZZZZZZZZZZZZZZZZZZ
ZZZZZZZZZZZZZZZZZZZZZZZZZ
ZZZZZZZZZZZZZZZZZZZZZZZZZ
ZZZZZZZZZZZZZZZZZZZZZZZZZ
ZZZZZZZZZZZZZZZZZZZZZZZZZ
ZZZZZZZZZZZZZZZZZZZZZZZZZ
ZZZZZZZZZZZZZZZZZZZZZZZZZ
ZZZZZZZZZZZZZZZZZZZZZZZZZ
ZZZZZZZZZZZZZZZZZZZZZZZZZ
ZZZZZZZZZZZZZZZZZZZZZZZZZ
ZZZZZZZZZZZZZZZZZZZZZZZZZ
ZZZZZZZZZZZZZZZZZZZZZZZZZ
ZZZZZZZZZZZZZZZZZZZZZZZZZ
ZZZZZZZZZZZZZZZZZZZZZZZZZ
ZZZZZZZZZZZZZZZZZZZZZZZZZ
ZZZZZZZZZZZZZZZZZZZZZZZZZ
ZZZZZZZZZZZZZZZZZZZZZZZZZ
ZZZZZZZZZZZZZZZZZZZZZZZZZ
ZZZZZZZZZZZZZZZZZZZZZZZZZ
ZZZZZZZZZZZZZZZZZZZZZZZZZ
ZZZZZZZZZZZZZZZZZZZZZZZZZ
ZZZZZZZZZZZZZZZZZZZZZZZZZ
ZZZZZZZZZZZZZZZZZZZZZZZZZ
Case #25:
NNNNNNNNNNNNNNNNNNNNNNNNN
NNNNNNNNNNNNNNNNNNNNNNNNN
NNNNNNNNNNNNNNNNNNNNNNNNN
GGGGGGGGGGMMMMMMMMMMPPPPP
GGGGGGGGGGMMMMMMMMMMPPPPP
WWWWWWWWWWWWWWWWWWWWWWWWW
HHHHHHHHHHHHHHHHHHHHHHHHH
HHHHHHHHHHHHHHHHHHHHHHHHH
XXXXXXXXXXXXXXXXXXXXXXXXX
KKKKKKKKKKKKKKKKKKEELLLLL
KKKKKKKKKKKKKKKKKKEELLLLL
RRRRRRRRRRRRRRRRRRRRAAAAA
RRRRRRRRRRRRRRRRRRRRAAAAA
UUUUUUUUUUUUUUUUUUUUUUUUU
BBBBBBBBBBBBBBBBBBJJJJJJJ
BBBBBBBBBBBBBBBBBBJJJJJJJ
OOOOOOOOOOOOOOOOOOOOOOOOO
OOOOOOOOOOOOOOOOOOOOOOOOO
VVVVVVVVVVVVVVVVVVVVVVVVV
IIIIIIIIIIIIIIIIIIIIIIIII
DDDDDDDDQQQQQQQQQQQQQQQQQ
CCCCCCCCCCCCCCCCCCCCCCSSS
TTTTTTTTTTTTTTTTTTTYYYYYY
FFFFFFFFFFFFFFFFFFFFFFFFF
Case #26:
AB
Case #27:
A
B
Case #28:
DAE
BIH
GFC
Case #29:
AAAAAAAAAAAAAAAAAAAAAAAAA
DDDDDDDDDDDDDDDDDDDDDLLLL
ZZZZZZZZZZZZZZZZZZZZZZZZZ
RRRRRRRRRRRRRRRRRRNNNNNNN
RRRRRRRRRRRRRRRRRRNNNNNNN
CCCCCCCCCCCCCYYYYYYYYYYYY
CCCCCCCCCCCCCYYYYYYYYYYYY
CCCCCCCCCCCCCYYYYYYYYYYYY
CCCCCCCCCCCCCYYYYYYYYYYYY
MMMMMMMMMMMMMMMMMMMMMMMMM
EEEEEEEEEEEEEEEEEEEEEEGGG
EEEEEEEEEEEEEEEEEEEEEEGGG
OOOOOOOOOOKKKKKKKKKKBBBBB
WWWWWWWWWWWWWWWWWWWWWWWWW
PPPPPPPPPPPPPPPPPPPPPPPPP
SSSSSSSXXXXXXXXXXXXXXXXJJ
HHHHHHHHHHHHHHHHHHHHHHHHH
HHHHHHHHHHHHHHHHHHHHHHHHH
HHHHHHHHHHHHHHHHHHHHHHHHH
IIIIIIIIIIIIIIIIIIIIIIIII
UUUUUUUUUUUUUUUUUUUUUUUUU
TTTTTTTTTTTTTTTTTTTTTTTTT
QQQQQQQQQQQQQQQQQQQQQQQQQ
VVVVVVVVVVVVVVVVVVVVVVVVV
FFFFFFFFFFFFFFFFFFFFFFFFF
Case #30:
AAAAA
AAAAA
AAAAA
AAAAA
AAAAA
BBBBB
BBBBB
Case #31:
KKKKKKKKKKKKKKKKKKKKKKKEE
LLLLLLLLLLLLLWWWWCCCCCCCC
JJJJJJIIIIIIIIIIIIIIIIIII
ZZZZZZZZZZZZZZZZZZZZZZZZZ
AAAAAAAAAAAAAAAAAAAAAAAAA
AAAAAAAAAAAAAAAAAAAAAAAAA
TTTTTTTTTTTTTTTTTTTTTTTTT
UUUUUUUUUUUUUUUUUUUUUUUUU
BBBBBBBBBBBBBBBBBBBBBBBBB
BBBBBBBBBBBBBBBBBBBBBBBBB
NNNNNNNNNNNNNNNNNNNNNNNNN
NNNNNNNNNNNNNNNNNNNNNNNNN
RRRRRRRRRRRRRRRRRRRRRRRRR
XXXXXXXXXXXXXXXXXXXXXXXXX
FFFFFFFFFFFFFFFFFFFFFFFFH
FFFFFFFFFFFFFFFFFFFFFFFFH
YYYYYYYYYYYYYYYYYYYYYYYYY
PPPPPPPPPPPPPPPPPPPPPPPPP
PPPPPPPPPPPPPPPPPPPPPPPPP
QQQQQQQQQQQQQQQQQQQQQQQQQ
QQQQQQQQQQQQQQQQQQQQQQQQQ
OOOOOOOOOOOOOOOOOOOODDDDD
MMMMMMMMMMMMMMMSSSSSSGGGG
VVVVVVVVVVVVVVVVVVVVVVVVV
VVVVVVVVVVVVVVVVVVVVVVVVV
Case #32:
ABCDEFGHIJKLMNOPQRSTUVWXY
ABCDEFGHIJKLMNOPQRSTUVWXY
ABCDEFGHIJKLMNOPQRSTUVWXY
ABCDEFGHIJKLMNOPQRSTUVWXY
ABCDEFGHIJKLMNOPQRSTUVWXY
ABCDEFGHIJKLMNOPQRSTUVWXY
ABCDEFGHIJKLMNOPQRSTUVWXY
ABCDEFGHIJKLMNOPQRSTUVWXY
ABCDEFGHIJKLMNOPQRSTUVWXY
ABCDEFGHIJKLMNOPQRSTUVWXY
ABCDEFGHIJKLMNOPQRSTUVWXY
ABCDEFGHIJKLMNOPQRSTUVWXY
ABCDEFGHIJKLMNOPQRSTUVWXY
ABCDEFGHIJKLMNOPQRSTUVWXY
ABCDEFGHIJKLMNOPQRSTUVWXY
ABCDEFGHIJKLMNOPQRSTUVWXY
ABCDEFGHIJKLMNOPQRSTUVWXY
ABCDEFGHIJKLMNOPQRSTUVWXY
ABCDEFGHIJKLMNOPQRSTUVWXY
ABCDEFGHIJKLMNOPQRSTUVWXY
ABCDEFGHIJKLMNOPQRSTUVWXY
ABCDEFGHIJKLMNOPQRSTUVWXY
ABCDEFGHIJKLMNOPQRSTUVWXY
ABCDEFGHIJKLMNOPQRSTUVWXY
ABCDEFGHIJKLMNOPQRSTUVWXY
Case #33:
D
H
C
C
J
J
J
J
J
L
L
G
G
G
G
B
F
M
M
M
A
I
K
K
E
Case #34:
ABCDEFGHIJKLMNOPQRSTUVWXY
ABCDEFGHIJKLMNOPQRSTUVWXY
ABCDEFGHIJKLMNOPQRSTUVWXY
ABCDEFGHIJKLMNOPQRSTUVWXY
ABCDEFGHIJKLMNOPQRSTUVWXY
ABCDEFGHIJKLMNOPQRSTUVWXY
ABCDEFGHIJKLMNOPQRSTUVWXY
ABCDEFGHIJKLMNOPQRSTUVWXY
ABCDEFGHIJKLMNOPQRSTUVWXY
ABCDEFGHIJKLMNOPQRSTUVWXY
ABCDEFGHIJKLMNOPQRSTUVWXY
ABCDEFGHIJKLMNOPQRSTUVWXY
ABCDEFGHIJKLMNOPQRSTUVWXY
ABCDEFGHIJKLMNOPQRSTUVWXY
ABCDEFGHIJKLMNOPQRSTUVWXY
ABCDEFGHIJKLMNOPQRSTUVWXY
ABCDEFGHIJKLMNOPQRSTUVWXY
ABCDEFGHIJKLMNOPQRSTUVWXY
ABCDEFGHIJKLMNOPQRSTUVWXY
ABCDEFGHIJKLMNOPQRSTUVWXY
ABCDEFGHIJKLMNOPQRSTUVWXY
ABCDEFGHIJKLMNOPQRSTUVWXY
ABCDEFGHIJKLMNOPQRSTUVWXY
ABCDEFGHIJKLMNOPQRSTUVWXY
ABCDEFGHIJKLMNOPQRSTUVWXY
Case #35:
OOOOOOOOOOOOOOOOOOOOOOOOO
NNNNNNNNNEEEEEEETTTTTTTTT
GGGGGGGGGGGGGGGGGGGGGGGGG
VVVVVVVVVVVVVVVVVZZZZZZZU
SSSSSSSSSSSSSSSSSSSSSSSSS
MMMMMMMMMMMMMMMMMMMMMMBBB
AAAAAAAAAAAAAAAAAAAAAAAAA
AAAAAAAAAAAAAAAAAAAAAAAAA
JJJJJJJJJJJFFPPPPPPPPPPPP
KKKKKKKKKKKKKKKKKKKKKKKKY
KKKKKKKKKKKKKKKKKKKKKKKKY
KKKKKKKKKKKKKKKKKKKKKKKKY
IIIIIIIIIIIIIIIIIIIIIIIII
IIIIIIIIIIIIIIIIIIIIIIIII
IIIIIIIIIIIIIIIIIIIIIIIII
IIIIIIIIIIIIIIIIIIIIIIIII
DDDDDDDDDDDDDDDDDDDDDDDDD
XXXXXXXXXXXXXXXXXXXXXXXXX
XXXXXXXXXXXXXXXXXXXXXXXXX
XXXXXXXXXXXXXXXXXXXXXXXXX
HHHHHHHHHCCCCCCCCCCCCCCCC
LLLLLLLLLLLLLLLLLLLLLLLLL
RRRRRRRRRRRRRRRRRWWWWWWWW
QQQQQQQQQQQQQQQQQQQQQQQQQ
QQQQQQQQQQQQQQQQQQQQQQQQQ
Case #36:
AA
AA
Case #37:
HHHHHHHHHHHHHHHHHHHHHHHHH
YYYYYYYYYYYYYYYYYYYYYYYYY
XXXXXXXXXXXXXXXXXXXXDDDDD
XXXXXXXXXXXXXXXXXXXXDDDDD
XXXXXXXXXXXXXXXXXXXXDDDDD
XXXXXXXXXXXXXXXXXXXXDDDDD
XXXXXXXXXXXXXXXXXXXXDDDDD
LLLLLLLLLLLLLLLLLLLLLLLLL
AAAAAAAAAAAAAAAAAAAAAAAAA
OOOOOOOOOOOZZZZZZZZZZZZZZ
CCCCCCCCCCCCCCCCCCCCCGGGG
CCCCCCCCCCCCCCCCCCCCCGGGG
EEEEEEEEEEEEEEEEEEEEEEEEE
BBBBBBBBBBBBBBBBBBBBBBBBB
FFFFFFFFFFFFFFFFFFFFFFFFF
RRNNNNNIIIIIIIIIIIIIIIIII
QQQQQQQQQQQQQQQQQQQQKKKKK
QQQQQQQQQQQQQQQQQQQQKKKKK
PPPPPPSSSSSSSSSSSSSSSSSSS
JJJJJJJJJJJJJJJJJJJJJJVVV
JJJJJJJJJJJJJJJJJJJJJJVVV
JJJJJJJJJJJJJJJJJJJJJJVVV
WWWWWWWWWWWWWWWWWWWWWWWWW
MMMMMMMMMMMMMMMMUUUUUUUUU
TTTTTTTTTTTTTTTTTTTTTTTTT
Case #38:
ACCCCCCCCCCCCCCCCCCCCCCCC
ACCCCCCCCCCCCCCCCCCCCCCCC
ACCCCCCCCCCCCCCCCCCCCCCCC
ACCCCCCCCCCCCCCCCCCCCCCCC
ACCCCCCCCCCCCCCCCCCCCCCCC
ACCCCCCCCCCCCCCCCCCCCCCCC
EEEEEEEEEEEEEEEEEEEEEEEEE
EEEEEEEEEEEEEEEEEEEEEEEEE
EEEEEEEEEEEEEEEEEEEEEEEEE
EEEEEEEEEEEEEEEEEEEEEEEEE
BBDDDDDDDDDDDDDDDDDDDDDDD
BBDDDDDDDDDDDDDDDDDDDDDDD
BBDDDDDDDDDDDDDDDDDDDDDDD
BBDDDDDDDDDDDDDDDDDDDDDDD
BBDDDDDDDDDDDDDDDDDDDDDDD
BBDDDDDDDDDDDDDDDDDDDDDDD
BBDDDDDDDDDDDDDDDDDDDDDDD
BBDDDDDDDDDDDDDDDDDDDDDDD
BBDDDDDDDDDDDDDDDDDDDDDDD
BBDDDDDDDDDDDDDDDDDDDDDDD
BBDDDDDDDDDDDDDDDDDDDDDDD
BBDDDDDDDDDDDDDDDDDDDDDDD
BBDDDDDDDDDDDDDDDDDDDDDDD
BBDDDDDDDDDDDDDDDDDDDDDDD
BBDDDDDDDDDDDDDDDDDDDDDDD
Case #39:
JJJKGOODDDDBBBVZNHCCESSUU
WWXXAAAQFTTLLLLLLMPRRRRYI
Case #40:
OOOOOOOOOOOOOOOOOOOOOOOOO
OOOOOOOOOOOOOOOOOOOOOOOOO
OOOOOOOOOOOOOOOOOOOOOOOOO
OOOOOOOOOOOOOOOOOOOOOOOOO
OOOOOOOOOOOOOOOOOOOOOOOOO
OOOOOOOOOOOOOOOOOOOOOOOOO
YYYYYYYYYYYYYYYYYYYYYYYAA
RRRRRRRRRRRRRRRRRRRRVVVPP
RRRRRRRRRRRRRRRRRRRRVVVPP
IIIIIIIIIIIIIIIIIIIIXXXGG
KKKKKKKKKKKKKKKKKKKKEEEEE
NNNNNNNNNNNNNNNNNNNNNNNMM
JJJJJJJJJJJJJJJJJJJJJFFFF
WWWWWWWWWWWWWWWWWWWWWWLQQ
TTTTTTTTTTTTTTTTTTTTTTTTT
HHHHHHHHHHHHHHHHHHHHHHDDD
SSSSSSSSSSSSSSSSSSSSSSCCC
UUUUUUUUUUUUUUUUUUUUUUUUU
UUUUUUUUUUUUUUUUUUUUUUUUU
BBBBBBBBBBBBBBBBBBBBBBBZZ
BBBBBBBBBBBBBBBBBBBBBBBZZ
BBBBBBBBBBBBBBBBBBBBBBBZZ
BBBBBBBBBBBBBBBBBBBBBBBZZ
BBBBBBBBBBBBBBBBBBBBBBBZZ
BBBBBBBBBBBBBBBBBBBBBBBZZ
Case #41:
IIIIIIIIIIIIIIIIIIIIIIIII
IIIIIIIIIIIIIIIIIIIIIIIII
WWWWWWWWWWWWWWWWWWWWWWWWW
WWWWWWWWWWWWWWWWWWWWWWWWW
HHHHHHHHHHHHHHHHHHHHHHHHH
CCCCCCCCCCCCCCCCCCCCCCCCC
DDDDDDDDDDDDDDDDDDDDDDDDD
MMMMMMMMMMMMMMMMMMMMMOOOO
SSSSSSSSSSSSSSSSSSSSSSSSS
LLLLLLLLLLLLLLLLLLLLLLLLL
VVVVVVVVVVVVVVVAAAAAAAAAA
YYYYYYYYYYYYYYYYYYYYYYYYY
FFFFFFFFFFFFFFFFFFFFFFFFF
QQQQQQQQQQQQQQQQQQQQQQQQQ
QQQQQQQQQQQQQQQQQQQQQQQQQ
KKKKKKKKKNNNNNNNXXXXZZZZZ
KKKKKKKKKNNNNNNNXXXXZZZZZ
KKKKKKKKKNNNNNNNXXXXZZZZZ
PPPPPPPPPPPPPPPPPPPPPPPPP
UUUUUUUUUUUUUUUUUUUUUUUUU
JJJJJJJJJJJJJJJJJJJBBBBBB
JJJJJJJJJJJJJJJJJJJBBBBBB
TTTTTTTTTTTTTTTTTTTTTTTTT
RRRRRRRRRRRRRRRRRRRRRRRGG
EEEEEEEEEEEEEEEEEEEEEEEEE
Case #42:
AAAAAAAAAAAAAAAAAAAAAAAAA
AAAAAAAAAAAAAAAAAAAAAAAAA
AAAAAAAAAAAAAAAAAAAAAAAAA
AAAAAAAAAAAAAAAAAAAAAAAAA
AAAAAAAAAAAAAAAAAAAAAAAAA
AAAAAAAAAAAAAAAAAAAAAAAAA
AAAAAAAAAAAAAAAAAAAAAAAAA
AAAAAAAAAAAAAAAAAAAAAAAAA
AAAAAAAAAAAAAAAAAAAAAAAAA
AAAAAAAAAAAAAAAAAAAAAAAAA
AAAAAAAAAAAAAAAAAAAAAAAAA
AAAAAAAAAAAAAAAAAAAAAAAAA
AAAAAAAAAAAAAAAAAAAAAAAAA
AAAAAAAAAAAAAAAAAAAAAAAAA
AAAAAAAAAAAAAAAAAAAAAAAAA
AAAAAAAAAAAAAAAAAAAAAAAAA
AAAAAAAAAAAAAAAAAAAAAAAAA
AAAAAAAAAAAAAAAAAAAAAAAAA
AAAAAAAAAAAAAAAAAAAAAAAAA
AAAAAAAAAAAAAAAAAAAAAAAAA
AAAAAAAAAAAAAAAAAAAAAAAAA
AAAAAAAAAAAAAAAAAAAAAAAAA
AAAAAAAAAAAAAAAAAAAAAAAAA
AAAAAAAAAAAAAAAAAAAAAAAAA
AAAAAAAAAAAAAAAAAAAAAAAAA
Case #43:
AAAAAAAAAAAAAAAAAACCCCCCC
AAAAAAAAAAAAAAAAAACCCCCCC
AAAAAAAAAAAAAAAAAACCCCCCC
AAAAAAAAAAAAAAAAAACCCCCCC
AAAAAAAAAAAAAAAAAACCCCCCC
AAAAAAAAAAAAAAAAAACCCCCCC
AAAAAAAAAAAAAAAAAACCCCCCC
AAAAAAAAAAAAAAAAAACCCCCCC
AAAAAAAAAAAAAAAAAACCCCCCC
AAAAAAAAAAAAAAAAAACCCCCCC
AAAAAAAAAAAAAAAAAACCCCCCC
AAAAAAAAAAAAAAAAAACCCCCCC
AAAAAAAAAAAAAAAAAACCCCCCC
AAAAAAAAAAAAAAAAAACCCCCCC
AAAAAAAAAAAAAAAAAACCCCCCC
AAAAAAAAAAAAAAAAAACCCCCCC
AAAAAAAAAAAAAAAAAACCCCCCC
AAAAAAAAAAAAAAAAAACCCCCCC
EEEEEEEEEEEEEEEEEEEEEEEEE
EEEEEEEEEEEEEEEEEEEEEEEEE
EEEEEEEEEEEEEEEEEEEEEEEEE
EEEEEEEEEEEEEEEEEEEEEEEEE
BBBBBBBBBBBBBBBBBBBDDDDDD
BBBBBBBBBBBBBBBBBBBDDDDDD
BBBBBBBBBBBBBBBBBBBDDDDDD
Case #44:
ABCDEFGHIJKLMNOPQRSTUVWXY
ABCDEFGHIJKLMNOPQRSTUVWXY
ABCDEFGHIJKLMNOPQRSTUVWXY
ABCDEFGHIJKLMNOPQRSTUVWXY
ABCDEFGHIJKLMNOPQRSTUVWXY
ABCDEFGHIJKLMNOPQRSTUVWXY
ABCDEFGHIJKLMNOPQRSTUVWXY
ABCDEFGHIJKLMNOPQRSTUVWXY
ABCDEFGHIJKLMNOPQRSTUVWXY
ABCDEFGHIJKLMNOPQRSTUVWXY
ABCDEFGHIJKLMNOPQRSTUVWXY
ABCDEFGHIJKLMNOPQRSTUVWXY
ABCDEFGHIJKLMNOPQRSTUVWXY
ABCDEFGHIJKLMNOPQRSTUVWXY
ABCDEFGHIJKLMNOPQRSTUVWXY
ABCDEFGHIJKLMNOPQRSTUVWXY
ABCDEFGHIJKLMNOPQRSTUVWXY
ABCDEFGHIJKLMNOPQRSTUVWXY
ABCDEFGHIJKLMNOPQRSTUVWXY
ABCDEFGHIJKLMNOPQRSTUVWXY
ABCDEFGHIJKLMNOPQRSTUVWXY
ABCDEFGHIJKLMNOPQRSTUVWXY
ABCDEFGHIJKLMNOPQRSTUVWXY
ABCDEFGHIJKLMNOPQRSTUVWXY
ABCDEFGHIJKLMNOPQRSTUVWXY
Case #45:
HCMMMBDLFJEKIAAAAAAAAAGGG
Case #46:
AAAAAAAAAAAAAAAAAAAAAAAAA
BBBBBBBBBBBBBBBBBBBBBBBBB
CCCCCCCCCCCCCCCCCCCCCCCCC
DDDDDDDDDDDDDDDDDDDDDDDDD
EEEEEEEEEEEEEEEEEEEEEEEEE
FFFFFFFFFFFFFFFFFFFFFFFFF
GGGGGGGGGGGGGGGGGGGGGGGGG
HHHHHHHHHHHHHHHHHHHHHHHHH
IIIIIIIIIIIIIIIIIIIIIIIII
JJJJJJJJJJJJJJJJJJJJJJJJJ
KKKKKKKKKKKKKKKKKKKKKKKKK
LLLLLLLLLLLLLLLLLLLLLLLLL
MMMMMMMMMMMMMMMMMMMMMMMMM
NNNNNNNNNNNNNNNNNNNNNNNNN
OOOOOOOOOOOOOOOOOOOOOOOOO
PPPPPPPPPPPPPPPPPPPPPPPPP
QQQQQQQQQQQQQQQQQQQQQQQQQ
RRRRRRRRRRRRRRRRRRRRRRRRR
SSSSSSSSSSSSSSSSSSSSSSSSS
TTTTTTTTTTTTTTTTTTTTTTTTT
UUUUUUUUUUUUUUUUUUUUUUUUU
VVVVVVVVVVVVVVVVVVVVVVVVV
WWWWWWWWWWWWWWWWWWWWWWWWW
XXXXXXXXXXXXXXXXXXXXXXXXX
YYYYYYYYYYYYYYYYYYYYYYYYY
Case #47:
VVVVVVVVVVVVNNNNNNNNNNNNN
ZZZZZZZZZZZZZZZZZZZZZZZZZ
MMMMMMMMMMMMLLLLLLLLLLLLL
JJJJJJJJJJRRRRRRRCCCCCCCC
EEEEEEEHHHHQQQQGGGGGGGGGG
DDDDDDDDDDDDDDDDDDDYYYYYY
BBBBBBBBBIIIIIIIIIIIIIIII
AAAAAAAAAAAAAAAAAAWWWWWWW
FFFFFFFFFFFFFXXOSSSSSSSSS
FFFFFFFFFFFFFXXOSSSSSSSSS
KKKKKKKKKKKKKKTUUUUUUUUUU
KKKKKKKKKKKKKKTUUUUUUUUUU
PPPPPPPPPPPPPPPPPPPPPPPPP
PPPPPPPPPPPPPPPPPPPPPPPPP
PPPPPPPPPPPPPPPPPPPPPPPPP
PPPPPPPPPPPPPPPPPPPPPPPPP
PPPPPPPPPPPPPPPPPPPPPPPPP
PPPPPPPPPPPPPPPPPPPPPPPPP
PPPPPPPPPPPPPPPPPPPPPPPPP
PPPPPPPPPPPPPPPPPPPPPPPPP
PPPPPPPPPPPPPPPPPPPPPPPPP
PPPPPPPPPPPPPPPPPPPPPPPPP
PPPPPPPPPPPPPPPPPPPPPPPPP
PPPPPPPPPPPPPPPPPPPPPPPPP
PPPPPPPPPPPPPPPPPPPPPPPPP
Case #48:
OOOOOOOOOOOOOOOOOOOOOOOOO
PPPPPPPPPPPPPPPPPPPPPPPPP
YYYYYYYYYYYYYTTTTTTTTTTTT
WWWWWWWWWWWWWWWWWWWWWWWWE
UUUUUUUUUUUUZZZZZZZZZZZZZ
UUUUUUUUUUUUZZZZZZZZZZZZZ
CCCCCCCCCMMMMMMMMMMMMMMMM
BBBBBBBBBBBBBBBBBBBBBBBBB
DDDDDDDDDDDDDDDDDDDDDDDDD
SSSSSSSSSSSSSSSSSSSSSSSSS
HHHHHHHHHHHHHHHHHHHHHHHHH
RRRRRRRRRRRRRRRRRRKKKKKKK
AAAAAAAAAAAAAAANNNNNNNNNN
AAAAAAAAAAAAAAANNNNNNNNNN
XXXXXXXXXXXXXXXXXXXXXXXXX
XXXXXXXXXXXXXXXXXXXXXXXXX
XXXXXXXXXXXXXXXXXXXXXXXXX
XXXXXXXXXXXXXXXXXXXXXXXXX
LLLLLLLLLLLJJJJJJJJJJJJJJ
QQQQQQQQQQQQQQQQQQQQQQQQQ
QQQQQQQQQQQQQQQQQQQQQQQQQ
FFFFFFFFFFFFFFFFFFFFFFFFF
GGGGGGGGGVVVVVVVVVVVVVVVV
IIIIIIIIIIIIIIIIIIIIIIIII
IIIIIIIIIIIIIIIIIIIIIIIII
Case #49:
JJJJJJJJJJJJJJJJJJKKKKKKK
ZZZZZZZZZZZZZZZZZZZZZZZZZ
AAAAAAAAAAAAAAAAAAAAAIIII
EEEEEEEEEEEEEEEEXXXXXXXXX
BBBBBBBBBBBBBBGGPPQQUUUUM
CCCCCCCCCCCCCCOLLLFFFFFFF
HHHHHHHHHHHHHHHHHHHHHHHYY
TTTTTTTTTTTTTTTTTTTTTTDDD
RRRRRRRRRRRRRRRRRRRWWWWWW
VVVVVVVVVVVVVVVVVVVVNNNNN
VVVVVVVVVVVVVVVVVVVVNNNNN
VVVVVVVVVVVVVVVVVVVVNNNNN
SSSSSSSSSSSSSSSSSSSSSSSSS
SSSSSSSSSSSSSSSSSSSSSSSSS
SSSSSSSSSSSSSSSSSSSSSSSSS
SSSSSSSSSSSSSSSSSSSSSSSSS
SSSSSSSSSSSSSSSSSSSSSSSSS
SSSSSSSSSSSSSSSSSSSSSSSSS
SSSSSSSSSSSSSSSSSSSSSSSSS
SSSSSSSSSSSSSSSSSSSSSSSSS
SSSSSSSSSSSSSSSSSSSSSSSSS
SSSSSSSSSSSSSSSSSSSSSSSSS
SSSSSSSSSSSSSSSSSSSSSSSSS
SSSSSSSSSSSSSSSSSSSSSSSSS
SSSSSSSSSSSSSSSSSSSSSSSSS
Case #50:
IIIIIIIIIIIIIIIIIIYYNKMWW
PPPPPPPPPPPPPPPPPPPPFJOOC
QQQQQQQQQQQQQQQQQQQQGEEDD
UUUUUUUUUUUUUUUUUUUZZZZZZ
LLLLLLLLLLLLLLLLLLLLLLXXX
RRRRRRRRRRRRRRRRRRRRRRRRT
SSSSSSSSSSSSSSSSSSSSSSSSB
AAAAAAAAAAAAAAAAAAAAAAAHH
VVVVVVVVVVVVVVVVVVVVVVVVV
VVVVVVVVVVVVVVVVVVVVVVVVV
VVVVVVVVVVVVVVVVVVVVVVVVV
VVVVVVVVVVVVVVVVVVVVVVVVV
VVVVVVVVVVVVVVVVVVVVVVVVV
VVVVVVVVVVVVVVVVVVVVVVVVV
VVVVVVVVVVVVVVVVVVVVVVVVV
VVVVVVVVVVVVVVVVVVVVVVVVV
VVVVVVVVVVVVVVVVVVVVVVVVV
VVVVVVVVVVVVVVVVVVVVVVVVV
VVVVVVVVVVVVVVVVVVVVVVVVV
VVVVVVVVVVVVVVVVVVVVVVVVV
VVVVVVVVVVVVVVVVVVVVVVVVV
VVVVVVVVVVVVVVVVVVVVVVVVV
VVVVVVVVVVVVVVVVVVVVVVVVV
VVVVVVVVVVVVVVVVVVVVVVVVV
VVVVVVVVVVVVVVVVVVVVVVVVV
Case #51:
AAAAACCCCCCCCCCCCCCCCCCCC
AAAAACCCCCCCCCCCCCCCCCCCC
EEEEEEEEEEEEEEEEEEEEEEEEE
EEEEEEEEEEEEEEEEEEEEEEEEE
EEEEEEEEEEEEEEEEEEEEEEEEE
EEEEEEEEEEEEEEEEEEEEEEEEE
BBBBBBDDDDDDDDDDDDDDDDDDD
BBBBBBDDDDDDDDDDDDDDDDDDD
BBBBBBDDDDDDDDDDDDDDDDDDD
BBBBBBDDDDDDDDDDDDDDDDDDD
BBBBBBDDDDDDDDDDDDDDDDDDD
BBBBBBDDDDDDDDDDDDDDDDDDD
BBBBBBDDDDDDDDDDDDDDDDDDD
FFFFFFFFFFFFFFFFFFFGGGGGG
HHHHHHHHHHHHHHHHHHHHHHHHH
IIIIIIIIIIIIIIIIIIIIIIIII
JJJJJJJJJJJJJJJJJJJJJJJJJ
JJJJJJJJJJJJJJJJJJJJJJJJJ
JJJJJJJJJJJJJJJJJJJJJJJJJ
JJJJJJJJJJJJJJJJJJJJJJJJJ
JJJJJJJJJJJJJJJJJJJJJJJJJ
JJJJJJJJJJJJJJJJJJJJJJJJJ
JJJJJJJJJJJJJJJJJJJJJJJJJ
JJJJJJJJJJJJJJJJJJJJJJJJJ
JJJJJJJJJJJJJJJJJJJJJJJJJ
Case #52:
AAAAAACCCCCCCCCCCCCCCCCCC
AAAAAACCCCCCCCCCCCCCCCCCC
AAAAAACCCCCCCCCCCCCCCCCCC
AAAAAACCCCCCCCCCCCCCCCCCC
EEEEEEEEEEEEEEEEEEEEEEEEE
EEEEEEEEEEEEEEEEEEEEEEEEE
EEEEEEEEEEEEEEEEEEEEEEEEE
EEEEEEEEEEEEEEEEEEEEEEEEE
BBBBBBBDDDDDDDDDDDDDDDDDD
BBBBBBBDDDDDDDDDDDDDDDDDD
BBBBBBBDDDDDDDDDDDDDDDDDD
BBBBBBBDDDDDDDDDDDDDDDDDD
BBBBBBBDDDDDDDDDDDDDDDDDD
FFFFFFFFFFFFFFFFFFFFFGGGG
HHHHHHHHHHHHHHHHHHHHHHHHH
IIIIIIIIIIIIIIIIIIIIIIIII
JJJJJJJJJJJJJJJJJJJJJJJJJ
JJJJJJJJJJJJJJJJJJJJJJJJJ
JJJJJJJJJJJJJJJJJJJJJJJJJ
JJJJJJJJJJJJJJJJJJJJJJJJJ
JJJJJJJJJJJJJJJJJJJJJJJJJ
JJJJJJJJJJJJJJJJJJJJJJJJJ
JJJJJJJJJJJJJJJJJJJJJJJJJ
JJJJJJJJJJJJJJJJJJJJJJJJJ
JJJJJJJJJJJJJJJJJJJJJJJJJ
Case #53:
AAAAAAAAAAAAAAAAAAAAAAAAA
WWWWWWWWWWWWWWWWWWWWWWWWW
WWWWWWWWWWWWWWWWWWWWWWWWW
EEEEEEEEEEEEEEEEEEEEEEEEE
NNNNNNNNNNNNNNNNNNNNNNNNN
NNNNNNNNNNNNNNNNNNNNNNNNN
KKKKKKKKKKKKKKKKKKKKKKKKK
VVVVVVVVVVVVVVVVVVVVVVVVV
SSSSSSSSHHHHHHHHHHHHHHHHH
GGGGGGGGGGGGGGGGGGGGGGGGG
IIIIIIIIIIIIIIIIIIIIIIIII
YYYYYYYYYYYYYYYYYDDDDDDDD
YYYYYYYYYYYYYYYYYDDDDDDDD
BBBBBBBBBBBBBBBBBBBBBBBBB
FFFFFFFFFFFFFFFFFFFFFFFFF
TTTTTTTTTTTTTTTTTTTTTTTTT
TTTTTTTTTTTTTTTTTTTTTTTTT
TTTTTTTTTTTTTTTTTTTTTTTTT
LLLLLLLLLLLLLLLLLLPPPPPPO
ZZZZZZZZZZZZZZZZZZZZZJJJJ
RRRRRRRRRRRRRMMMMMMMMMMMM
XXXXXXXXXXXXXXXXXXXQQQQQQ
CCCCCCCCCCCCCCCCCCCCCCCUU
CCCCCCCCCCCCCCCCCCCCCCCUU
CCCCCCCCCCCCCCCCCCCCCCCUU
Case #54:
ZZZZZZZZZZZZZZZZZZZZZZZZZ
NNNNNNNNNNNNNNNNNNNNNNNNN
JJJJJJJJJJJJJJJJJJJJJJJJJ
FFFFFFFFFFFFFFFFFFFFFFFFF
FFFFFFFFFFFFFFFFFFFFFFFFF
FFFFFFFFFFFFFFFFFFFFFFFFF
FFFFFFFFFFFFFFFFFFFFFFFFF
PPPPPPPPPPPPPPPPDDDDDDDDD
PPPPPPPPPPPPPPPPDDDDDDDDD
PPPPPPPPPPPPPPPPDDDDDDDDD
XXXXXXXXXXXXXXXXXXXXXYYYY
KKKKKKKKKKKKKKKKKKKKKKKKK
QQQQQQQQQQQQQQQQQQQQQQQBB
LLLLLLLLLLLLLLLLLLLLIIIII
VVVVVVVVVVVVVVVVVVVVVVVVV
RRRRRRRRRRRRWWWWWWWWWWWWW
CCCCCCCCCCCCCCCCCCCCCCCCC
AAAAAAAAAAAAAAAAAAAAAAAAA
UUUUUUUUUUUUUUUUUUUUUUUUU
OOOOOOOOOOOOOOOOOOOOOOOOO
OOOOOOOOOOOOOOOOOOOOOOOOO
EEEEEEEEEEEEEEEEEEEEEEEEE
EEEEEEEEEEEEEEEEEEEEEEEEE
MMMMMMMMMMMMMMMMSSSSSSSSS
TTTTGGGGGGGGGGHHHHHHHHHHH
Case #55:
ABCDEFGHIJKLMNOPQRSTUVWXY
ABCDEFGHIJKLMNOPQRSTUVWXY
ABCDEFGHIJKLMNOPQRSTUVWXY
ABCDEFGHIJKLMNOPQRSTUVWXY
ABCDEFGHIJKLMNOPQRSTUVWXY
ABCDEFGHIJKLMNOPQRSTUVWXY
ABCDEFGHIJKLMNOPQRSTUVWXY
ABCDEFGHIJKLMNOPQRSTUVWXY
ABCDEFGHIJKLMNOPQRSTUVWXY
ABCDEFGHIJKLMNOPQRSTUVWXY
ABCDEFGHIJKLMNOPQRSTUVWXY
ABCDEFGHIJKLMNOPQRSTUVWXY
ABCDEFGHIJKLMNOPQRSTUVWXY
ABCDEFGHIJKLMNOPQRSTUVWXY
ABCDEFGHIJKLMNOPQRSTUVWXY
ABCDEFGHIJKLMNOPQRSTUVWXY
ABCDEFGHIJKLMNOPQRSTUVWXY
ABCDEFGHIJKLMNOPQRSTUVWXY
ABCDEFGHIJKLMNOPQRSTUVWXY
ABCDEFGHIJKLMNOPQRSTUVWXY
ABCDEFGHIJKLMNOPQRSTUVWXY
ABCDEFGHIJKLMNOPQRSTUVWXY
ABCDEFGHIJKLMNOPQRSTUVWXY
ABCDEFGHIJKLMNOPQRSTUVWXY
ABCDEFGHIJKLMNOPQRSTUVWXY
Case #56:
AAAAAA
DCCCCC
BBBBBB
BBBBBB
BBBBBB
BBBBBB
Case #57:
AAAAAAAABBBBBBBBBBBBBBBBB
AAAAAAAABBBBBBBBBBBBBBBBB
AAAAAAAABBBBBBBBBBBBBBBBB
AAAAAAAABBBBBBBBBBBBBBBBB
AAAAAAAABBBBBBBBBBBBBBBBB
AAAAAAAABBBBBBBBBBBBBBBBB
AAAAAAAABBBBBBBBBBBBBBBBB
AAAAAAAABBBBBBBBBBBBBBBBB
AAAAAAAABBBBBBBBBBBBBBBBB
CCCCCCCCCCCCCCCCCCCCCCCCC
DDDDDDDDDDDDDDDDDDDDDDDDD
EEEEEEEEEEEEEEEEEEEEEEEEE
EEEEEEEEEEEEEEEEEEEEEEEEE
EEEEEEEEEEEEEEEEEEEEEEEEE
EEEEEEEEEEEEEEEEEEEEEEEEE
EEEEEEEEEEEEEEEEEEEEEEEEE
EEEEEEEEEEEEEEEEEEEEEEEEE
EEEEEEEEEEEEEEEEEEEEEEEEE
EEEEEEEEEEEEEEEEEEEEEEEEE
EEEEEEEEEEEEEEEEEEEEEEEEE
EEEEEEEEEEEEEEEEEEEEEEEEE
EEEEEEEEEEEEEEEEEEEEEEEEE
EEEEEEEEEEEEEEEEEEEEEEEEE
EEEEEEEEEEEEEEEEEEEEEEEEE
EEEEEEEEEEEEEEEEEEEEEEEEE
Case #58:
AAAAAAAAAAAAAAAAAAACCCCCC
AAAAAAAAAAAAAAAAAAACCCCCC
AAAAAAAAAAAAAAAAAAACCCCCC
AAAAAAAAAAAAAAAAAAACCCCCC
AAAAAAAAAAAAAAAAAAACCCCCC
AAAAAAAAAAAAAAAAAAACCCCCC
AAAAAAAAAAAAAAAAAAACCCCCC
AAAAAAAAAAAAAAAAAAACCCCCC
AAAAAAAAAAAAAAAAAAACCCCCC
AAAAAAAAAAAAAAAAAAACCCCCC
AAAAAAAAAAAAAAAAAAACCCCCC
AAAAAAAAAAAAAAAAAAACCCCCC
AAAAAAAAAAAAAAAAAAACCCCCC
AAAAAAAAAAAAAAAAAAACCCCCC
EEEEEEEEEEEEEEEEEEEEEEEEE
EEEEEEEEEEEEEEEEEEEEEEEEE
EEEEEEEEEEEEEEEEEEEEEEEEE
EEEEEEEEEEEEEEEEEEEEEEEEE
BBBBBBBBBBBBBBBBBBBBDDDDD
BBBBBBBBBBBBBBBBBBBBDDDDD
BBBBBBBBBBBBBBBBBBBBDDDDD
BBBBBBBBBBBBBBBBBBBBDDDDD
BBBBBBBBBBBBBBBBBBBBDDDDD
BBBBBBBBBBBBBBBBBBBBDDDDD
BBBBBBBBBBBBBBBBBBBBDDDDD
Case #59:
AAAAACCCCCCCCCCCCCCCCCCCC
AAAAACCCCCCCCCCCCCCCCCCCC
AAAAACCCCCCCCCCCCCCCCCCCC
AAAAACCCCCCCCCCCCCCCCCCCC
AAAAACCCCCCCCCCCCCCCCCCCC
AAAAACCCCCCCCCCCCCCCCCCCC
AAAAACCCCCCCCCCCCCCCCCCCC
EEEEEEEEEEEEEEEEEEEEEEEEE
EEEEEEEEEEEEEEEEEEEEEEEEE
EEEEEEEEEEEEEEEEEEEEEEEEE
EEEEEEEEEEEEEEEEEEEEEEEEE
BBBBBBDDDDDDDDDDDDDDDDDDD
BBBBBBDDDDDDDDDDDDDDDDDDD
BBBBBBDDDDDDDDDDDDDDDDDDD
BBBBBBDDDDDDDDDDDDDDDDDDD
FFFFFFFFFFFFFFFFFFFFFFFGG
HHHHHHHHHHHHHHHHHHHHHHHHH
IIIIIIIIIIIIIIIIIIIIIIIII
JJJJJJJJJJJJJJJJJJJJJJJJJ
JJJJJJJJJJJJJJJJJJJJJJJJJ
JJJJJJJJJJJJJJJJJJJJJJJJJ
JJJJJJJJJJJJJJJJJJJJJJJJJ
JJJJJJJJJJJJJJJJJJJJJJJJJ
JJJJJJJJJJJJJJJJJJJJJJJJJ
JJJJJJJJJJJJJJJJJJJJJJJJJ
Case #60:
DDDDDDDDDDDDDDDDDDDDDDDD
DDDDDDDDDDDDDDDDDDDDDDDD
GGXXXXXXXXXXXXXXXXXXXXXX
FFFFFFFFFFFFFFFFFFFFFFFF
AAAAAAAAAAAAAAAAAAAAAAAA
AAAAAAAAAAAAAAAAAAAAAAAA
OOOOOOOOOOOOOOOOOOOOOOCC
OOOOOOOOOOOOOOOOOOOOOOCC
WWWWWWKKKKKKLLLLLLQQQQQQ
UUUUUUUUUUUUUUUUUUUUUUUU
HHHHHHHHHHHHHHHHHHBBBBBB
HHHHHHHHHHHHHHHHHHBBBBBB
MMMMMMMMMMMMMMMMMMMMMMMM
TTTTTTTTTTTTTTTTTTTTTTTT
VVVVVVVVVVVVVVVVVVVVVVVV
PPPPPPPPPPPPPPPPPPPPPPPP
IIIIIIIIIIIIIIIIIIIIIIII
IIIIIIIIIIIIIIIIIIIIIIII
RRRRRRRRRRRRRRRRRRRRRRRR
RRRRRRRRRRRRRRRRRRRRRRRR
YYYYYYYYYYYYYYYYYYYYJJJJ
SSSSSSSSSSSSSSSSSSSSSSSS
SSSSSSSSSSSSSSSSSSSSSSSS
NNNNNNNNNNNNNNNNNNNNNNNN
EEEEEEEEEEEEEEEEEEEEEEEE
Case #61:
AAAAAAAAAAAAAAAAAAAAAAAAA
BBBBBBBBBBBBBBBBBBBBBBBBB
CCCCCCCCCCCCCCCCCCCCCCCCC
DDDDDDDDDDDDDDDDDDDDDDDDD
EEEEEEEEEEEEEEEEEEEEEEEEE
FFFFFFFFFFFFFFFFFFFFFFFFF
GGGGGGGGGGGGGGGGGGGGGGGGG
HHHHHHHHHHHHHHHHHHHHHHHHH
IIIIIIIIIIIIIIIIIIIIIIIII
JJJJJJJJJJJJJJJJJJJJJJJJJ
KKKKKKKKKKKKKKKKKKKKKKKKK
LLLLLLLLLLLLLLLLLLLLLLLLL
MMMMMMMMMMMMMMMMMMMMMMMMM
NNNNNNNNNNNNNNNNNNNNNNNNN
OOOOOOOOOOOOOOOOOOOOOOOOO
PPPPPPPPPPPPPPPPPPPPPPPPP
QQQQQQQQQQQQQQQQQQQQQQQQQ
RRRRRRRRRRRRRRRRRRRRRRRRR
SSSSSSSSSSSSSSSSSSSSSSSSS
TTTTTTTTTTTTTTTTTTTTTTTTT
UUUUUUUUUUUUUUUUUUUUUUUUU
VVVVVVVVVVVVVVVVVVVVVVVVV
WWWWWWWWWWWWWWWWWWWWWWWWW
XXXXXXXXXXXXXXXXXXXXXXXXX
YYYYYYYYYYYYYYYYYYYYYYYYY
Case #62:
HHHHHHHHHHHHHHHHHHHHEEEEE
NNNNNNNNNNNNNNNNNNNNNNNNN
NNNNNNNNNNNNNNNNNNNNNNNNN
DDDDDDDDDDYYYYYYYYYYYYYZZ
JJJJJJJJJJJJJJJJJJJJJJJJJ
JJJJJJJJJJJJJJJJJJJJJJJJJ
MMMMMMMMMMMMMMMMMMMMMMMMM
MMMMMMMMMMMMMMMMMMMMMMMMM
PPPPPPPPPPPPPPPPPPPPPPVVV
FFFFFFFFFFFFFFFFFFFFFCCCC
FFFFFFFFFFFFFFFFFFFFFCCCC
FFFFFFFFFFFFFFFFFFFFFCCCC
UUUUUUUUUUUUUUUUUUUUUUUUU
SSSSSSSSSSSSSSSSSSSSSSSSS
IIIIIIIIIIIIIIIIIIIIIIIII
OOOOOOOOOOOOOOOOOOOOOOOOO
QQQQQQQQQQQQQQQQQQQQQQRRR
TTTTTTTTTTTTTTTTTTTTTTTTT
KKKKKKKKKKKKKKKKKKKKKKKAA
GGGGGGGGGGGGGGGGGGGGGGGGG
XXXXXXXXXXXXXXXXLLLLLLLLL
XXXXXXXXXXXXXXXXLLLLLLLLL
WWWWWWWWWWWWWWWWWWWWWWWWW
WWWWWWWWWWWWWWWWWWWWWWWWW
BBBBBBBBBBBBBBBBBBBBBBBBB
Case #63:
BD
AC
Case #64:
AAAAAAAAACCCCCCCCCCCCCCCC
AAAAAAAAACCCCCCCCCCCCCCCC
EEEEEEEEEEEEEEEEEEEEEEEEE
EEEEEEEEEEEEEEEEEEEEEEEEE
EEEEEEEEEEEEEEEEEEEEEEEEE
EEEEEEEEEEEEEEEEEEEEEEEEE
BBBBBBBBBBDDDDDDDDDDDDDDD
BBBBBBBBBBDDDDDDDDDDDDDDD
BBBBBBBBBBDDDDDDDDDDDDDDD
BBBBBBBBBBDDDDDDDDDDDDDDD
BBBBBBBBBBDDDDDDDDDDDDDDD
BBBBBBBBBBDDDDDDDDDDDDDDD
BBBBBBBBBBDDDDDDDDDDDDDDD
BBBBBBBBBBDDDDDDDDDDDDDDD
BBBBBBBBBBDDDDDDDDDDDDDDD
BBBBBBBBBBDDDDDDDDDDDDDDD
BBBBBBBBBBDDDDDDDDDDDDDDD
BBBBBBBBBBDDDDDDDDDDDDDDD
BBBBBBBBBBDDDDDDDDDDDDDDD
BBBBBBBBBBDDDDDDDDDDDDDDD
FFFFFFFFFFFFFFFFFFFFGGGGG
HHHHHHHHHHHHHHHHHHHHHHHHH
IIIIIIIIIIIIIIIIIIIIIIIII
JJJJJJJJJJJJJJJJJJJJJJJJJ
JJJJJJJJJJJJJJJJJJJJJJJJJ
Case #65:
AACCCCCCCCCCCCCCCCCCCCCCC
AACCCCCCCCCCCCCCCCCCCCCCC
AACCCCCCCCCCCCCCCCCCCCCCC
AACCCCCCCCCCCCCCCCCCCCCCC
AACCCCCCCCCCCCCCCCCCCCCCC
AACCCCCCCCCCCCCCCCCCCCCCC
AACCCCCCCCCCCCCCCCCCCCCCC
AACCCCCCCCCCCCCCCCCCCCCCC
AACCCCCCCCCCCCCCCCCCCCCCC
AACCCCCCCCCCCCCCCCCCCCCCC
AACCCCCCCCCCCCCCCCCCCCCCC
AACCCCCCCCCCCCCCCCCCCCCCC
AACCCCCCCCCCCCCCCCCCCCCCC
AACCCCCCCCCCCCCCCCCCCCCCC
AACCCCCCCCCCCCCCCCCCCCCCC
AACCCCCCCCCCCCCCCCCCCCCCC
AACCCCCCCCCCCCCCCCCCCCCCC
AACCCCCCCCCCCCCCCCCCCCCCC
AACCCCCCCCCCCCCCCCCCCCCCC
AACCCCCCCCCCCCCCCCCCCCCCC
EEEEEEEEEEEEEEEEEEEEEEEEE
EEEEEEEEEEEEEEEEEEEEEEEEE
EEEEEEEEEEEEEEEEEEEEEEEEE
EEEEEEEEEEEEEEEEEEEEEEEEE
BBBDDDDDDDDDDDDDDDDDDDDDD
Case #66:
AAAAAAAAAAAAAACCCCCCCCCCC
AAAAAAAAAAAAAACCCCCCCCCCC
AAAAAAAAAAAAAACCCCCCCCCCC
AAAAAAAAAAAAAACCCCCCCCCCC
EEEEEEEEEEEEEEEEEEEEEEEEE
EEEEEEEEEEEEEEEEEEEEEEEEE
EEEEEEEEEEEEEEEEEEEEEEEEE
EEEEEEEEEEEEEEEEEEEEEEEEE
BBBBBBBBBBBBBBBDDDDDDDDDD
BBBBBBBBBBBBBBBDDDDDDDDDD
BBBBBBBBBBBBBBBDDDDDDDDDD
BBBBBBBBBBBBBBBDDDDDDDDDD
BBBBBBBBBBBBBBBDDDDDDDDDD
BBBBBBBBBBBBBBBDDDDDDDDDD
BBBBBBBBBBBBBBBDDDDDDDDDD
BBBBBBBBBBBBBBBDDDDDDDDDD
BBBBBBBBBBBBBBBDDDDDDDDDD
BBBBBBBBBBBBBBBDDDDDDDDDD
BBBBBBBBBBBBBBBDDDDDDDDDD
BBBBBBBBBBBBBBBDDDDDDDDDD
BBBBBBBBBBBBBBBDDDDDDDDDD
BBBBBBBBBBBBBBBDDDDDDDDDD
BBBBBBBBBBBBBBBDDDDDDDDDD
BBBBBBBBBBBBBBBDDDDDDDDDD
BBBBBBBBBBBBBBBDDDDDDDDDD
Case #67:
BA
BA
Case #68:
NNNNNNNNNNNNNNNNNNNNNNNNN
NNNNNNNNNNNNNNNNNNNNNNNNN
NNNNNNNNNNNNNNNNNNNNNNNNN
NNNNNNNNNNNNNNNNNNNNNNNNN
NNNNNNNNNNNNNNNNNNNNNNNNN
NNNNNNNNNNNNNNNNNNNNNNNNN
NNNNNNNNNNNNNNNNNNNNNNNNN
NNNNNNNNNNNNNNNNNNNNNNNNN
NNNNNNNNNNNNNNNNNNNNNNNNN
NNNNNNNNNNNNNNNNNNNNNNNNN
NNNNNNNNNNNNNNNNNNNNNNNNN
NNNNNNNNNNNNNNNNNNNNNNNNN
NNNNNNNNNNNNNNNNNNNNNNNNN
NNNNNNNNNNNNNNNNNNNNNNNNN
NNNNNNNNNNNNNNNNNNNNNNNNN
YYYYYYYYYYYYYYYYYYYYYYYYY
HHHHHHHHHHHHTTTTTTTTTTTTT
KKKKKKKKKUUUUUUUUUUUUUUUU
JJJJJJJJJJJWWWWWWWWWWWWWW
PPPPPPPPPPPPPPPPGIIIIIIII
AAAAAAAACCCCCCCCDDDDDDDDD
MMMMMMMMMMMZZZZZZZZZZZZZZ
VVVVVVVVVVVVVVVOOOOOOOOOO
BBBBBBBBBBBRRQQQEEEEEEEEE
FFFFFFFFFSSLLLLLXXXXXXXXX
Case #69:
YYYYYYYYYYYYYNNNNNNNNNNNN
YYYYYYYYYYYYYNNNNNNNNNNNN
GGGGGGGGGGGGGGGGGGGGGGGGG
GGGGGGGGGGGGGGGGGGGGGGGGG
GGGGGGGGGGGGGGGGGGGGGGGGG
BBBBBBBBBBVVVVVVVVVVVVVVV
BBBBBBBBBBVVVVVVVVVVVVVVV
EEEEEEEEEEEEEEEEEEEEEEEEE
SSSSSSSSSSSSSSSSSSSSSSSSS
HHHHHHHHZZZZZZZZQTTTTTTTT
HHHHHHHHZZZZZZZZQTTTTTTTT
IIIIIIIIIWWWWWWWWWWWWWWWW
UUUUUUUUUUUUUUUUUUUUUUUUU
CCCCCCCCCCCCCCCCCCCCCCCCC
MMMMMMMMMMMMMMMMMMMMMMMMM
MMMMMMMMMMMMMMMMMMMMMMMMM
MMMMMMMMMMMMMMMMMMMMMMMMM
MMMMMMMMMMMMMMMMMMMMMMMMM
OOOOOOOOOOOOOOOOOOOOOOOOO
AAAAAAAAAAAAAAAAAAAAAAAAA
AAAAAAAAAAAAAAAAAAAAAAAAA
PPPPPPPPPPPPPDDDDDDDDDLLL
JJJJJJJJJJJJJJJJJJJJJJJJJ
KKKKKKKKKKKKKKKKKKKKKKKKK
XXXXXXXXXXXXXXXRRFFFFFFFF
Case #70:
AAAAABBBBBBBBBBBBBBBBBBBB
CCCCCCCCCCCCCCCCCCCCCCCCC
DDDDDDDDDDDDDDDDDDDDDDDDD
EEEEEEEEEEEEEEEEEEEEEEEEE
EEEEEEEEEEEEEEEEEEEEEEEEE
EEEEEEEEEEEEEEEEEEEEEEEEE
EEEEEEEEEEEEEEEEEEEEEEEEE
EEEEEEEEEEEEEEEEEEEEEEEEE
EEEEEEEEEEEEEEEEEEEEEEEEE
EEEEEEEEEEEEEEEEEEEEEEEEE
EEEEEEEEEEEEEEEEEEEEEEEEE
EEEEEEEEEEEEEEEEEEEEEEEEE
EEEEEEEEEEEEEEEEEEEEEEEEE
EEEEEEEEEEEEEEEEEEEEEEEEE
EEEEEEEEEEEEEEEEEEEEEEEEE
EEEEEEEEEEEEEEEEEEEEEEEEE
EEEEEEEEEEEEEEEEEEEEEEEEE
EEEEEEEEEEEEEEEEEEEEEEEEE
EEEEEEEEEEEEEEEEEEEEEEEEE
FFFFFFFFFFFFFFFFFHHHHHHHH
JJJJJJJJJJJJJJJJJJJJJJJJJ
JJJJJJJJJJJJJJJJJJJJJJJJJ
JJJJJJJJJJJJJJJJJJJJJJJJJ
JJJJJJJJJJJJJJJJJJJJJJJJJ
GGGGGGGGGGGGGGGGGGIIIIIII
Case #71:
CAD
BBE
BBE
BBE
Case #72:
CC
BA
Case #73:
GGGGG
CCFHD
BBBBB
EEEEI
AAAAA
Case #74:
AAAAAAAABBBBBBBBBBBBBBBBB
AAAAAAAABBBBBBBBBBBBBBBBB
AAAAAAAABBBBBBBBBBBBBBBBB
AAAAAAAABBBBBBBBBBBBBBBBB
AAAAAAAABBBBBBBBBBBBBBBBB
AAAAAAAABBBBBBBBBBBBBBBBB
AAAAAAAABBBBBBBBBBBBBBBBB
CCCCCCCCCCCCCCCCCCCCCCCCC
DDDDDDDDDDDDDDDDDDDDDDDDD
EEEEEEEEEEEEEEEEEEEEEEEEE
EEEEEEEEEEEEEEEEEEEEEEEEE
EEEEEEEEEEEEEEEEEEEEEEEEE
EEEEEEEEEEEEEEEEEEEEEEEEE
EEEEEEEEEEEEEEEEEEEEEEEEE
EEEEEEEEEEEEEEEEEEEEEEEEE
EEEEEEEEEEEEEEEEEEEEEEEEE
EEEEEEEEEEEEEEEEEEEEEEEEE
FFFFFFFFFFFFFFFFFFHHHHHHH
JJJJJJJJJJJJJJJJJJJJJJJJJ
JJJJJJJJJJJJJJJJJJJJJJJJJ
JJJJJJJJJJJJJJJJJJJJJJJJJ
JJJJJJJJJJJJJJJJJJJJJJJJJ
GGGGGGGGGGGGGGGGGGGIIIIII
GGGGGGGGGGGGGGGGGGGIIIIII
GGGGGGGGGGGGGGGGGGGIIIIII
Case #75:
AAAAAAAAAAAAAAABBBBBBBBBB
AAAAAAAAAAAAAAABBBBBBBBBB
AAAAAAAAAAAAAAABBBBBBBBBB
AAAAAAAAAAAAAAABBBBBBBBBB
AAAAAAAAAAAAAAABBBBBBBBBB
AAAAAAAAAAAAAAABBBBBBBBBB
AAAAAAAAAAAAAAABBBBBBBBBB
AAAAAAAAAAAAAAABBBBBBBBBB
AAAAAAAAAAAAAAABBBBBBBBBB
AAAAAAAAAAAAAAABBBBBBBBBB
AAAAAAAAAAAAAAABBBBBBBBBB
AAAAAAAAAAAAAAABBBBBBBBBB
AAAAAAAAAAAAAAABBBBBBBBBB
AAAAAAAAAAAAAAABBBBBBBBBB
AAAAAAAAAAAAAAABBBBBBBBBB
AAAAAAAAAAAAAAABBBBBBBBBB
AAAAAAAAAAAAAAABBBBBBBBBB
AAAAAAAAAAAAAAABBBBBBBBBB
AAAAAAAAAAAAAAABBBBBBBBBB
AAAAAAAAAAAAAAABBBBBBBBBB
AAAAAAAAAAAAAAABBBBBBBBBB
AAAAAAAAAAAAAAABBBBBBBBBB
CCCCCCCCCCCCCCCCCCCCCCCCC
DDDDDDDDDDDDDDDDDDDDDDDDD
EEEEEEEEEEEEEEEEEEEEEEEEE
Case #76:
BBBBBBBBBBBBBBBBBBBBBBBBB
BBBBBBBBBBBBBBBBBBBBBBBBB
BBBBBBBBBBBBBBBBBBBBBBBBB
BBBBBBBBBBBBBBBBBBBBBBBBB
BBBBBBBBBBBBBBBBBBBBBBBBB
BBBBBBBBBBBBBBBBBBBBBBBBB
BBBBBBBBBBBBBBBBBBBBBBBBB
BBBBBBBBBBBBBBBBBBBBBBBBB
BBBBBBBBBBBBBBBBBBBBBBBBB
BBBBBBBBBBBBBBBBBBBBBBBBB
BBBBBBBBBBBBBBBBBBBBBBBBB
BBBBBBBBBBBBBBBBBBBBBBBBB
BBBBBBBBBBBBBBBBBBBBBBBBB
BBBBBBBBBBBBBBBBBBBBBBBBB
BBBBBBBBBBBBBBBBBBBBBBBBB
SSSSSSSSSSSSSSSSSSSSSSSSS
DDPHHHHHHHHHHHHHHHHHHHHHH
ZZIUQOJJJJJJJJJJJJJJJJJJJ
AAAAAAEYYYYYYYYYYYYYYYYYY
MMGVVVVXXXXXXXXXXXXXXXXXX
TTTTTCWWWWWWWWWWWWWWWWWWW
NFFFFFRRRRRRRRRRRRRRRRRRR
KKKKKLLLLLLLLLLLLLLLLLLLL
KKKKKLLLLLLLLLLLLLLLLLLLL
KKKKKLLLLLLLLLLLLLLLLLLLL
Case #77:
JJJJJJJRRRRRRRRRRRRRRRRRR
JJJJJJJRRRRRRRRRRRRRRRRRR
JJJJJJJRRRRRRRRRRRRRRRRRR
JJJJJJJRRRRRRRRRRRRRRRRRR
JJJJJJJRRRRRRRRRRRRRRRRRR
JJJJJJJRRRRRRRRRRRRRRRRRR
JJJJJJJRRRRRRRRRRRRRRRRRR
JJJJJJJRRRRRRRRRRRRRRRRRR
KKKKKKKHHHHHHHHHHHHHHHHHH
AAAAAADDDDDDDDDDDDDDDDDDD
TTTTTTTTTTTTTTTTTTTTTTTTT
MMMMMMMMQQQQQQQQQQQQQQQQQ
YYYEEWWOOLLLLLLLLLLLLLLLL
NNNGGSSSSSSFFFFFFFFFFFFFF
VVVVVVVVIIIIIIIIIIIIIIIII
BBBBBBPPPPPCCCCCCCCCCCCCC
XXXXXXXXXXXXXXXXXXXXXXXXX
XXXXXXXXXXXXXXXXXXXXXXXXX
UUUUUUUUUUUUUUUUUUUUUUUUU
ZZZZZZZZZZZZZZZZZZZZZZZZZ
ZZZZZZZZZZZZZZZZZZZZZZZZZ
ZZZZZZZZZZZZZZZZZZZZZZZZZ
ZZZZZZZZZZZZZZZZZZZZZZZZZ
ZZZZZZZZZZZZZZZZZZZZZZZZZ
ZZZZZZZZZZZZZZZZZZZZZZZZZ
Case #78:
EEEESDDDDDDDDDDDDDDDDDDDD
EEEESDDDDDDDDDDDDDDDDDDDD
EEEESDDDDDDDDDDDDDDDDDDDD
EEEESDDDDDDDDDDDDDDDDDDDD
EEEESDDDDDDDDDDDDDDDDDDDD
EEEESDDDDDDDDDDDDDDDDDDDD
EEEESDDDDDDDDDDDDDDDDDDDD
EEEESDDDDDDDDDDDDDDDDDDDD
EEEESDDDDDDDDDDDDDDDDDDDD
EEEESDDDDDDDDDDDDDDDDDDDD
EEEESDDDDDDDDDDDDDDDDDDDD
EEEESDDDDDDDDDDDDDDDDDDDD
EEEESDDDDDDDDDDDDDDDDDDDD
EEEESDDDDDDDDDDDDDDDDDDDD
EEEESDDDDDDDDDDDDDDDDDDDD
EEEESDDDDDDDDDDDDDDDDDDDD
YYYYYKKKKFFFFFFFFFFFFFFFF
YYYYYKKKKFFFFFFFFFFFFFFFF
JJJJJJJJRRPPPPPPPPPPPPPPP
UUUUUUUUUUUUUUUUUUUUUUUUU
WWWWWWOOOOOOQQQQQQQQQQQQQ
TTTTTTIIIICCMMMMMMMMMMMMM
BBBNNNNNNNNNNNNNNNNNNNNNN
HHHHVXAAAAAAAAAAAAAAAAAAA
ZZZZZZZZLLLLGGGGGGGGGGGGG
Case #79:
ABCDEFGHIJKLMNOPQRSTUVWXY
ABCDEFGHIJKLMNOPQRSTUVWXY
ABCDEFGHIJKLMNOPQRSTUVWXY
ABCDEFGHIJKLMNOPQRSTUVWXY
ABCDEFGHIJKLMNOPQRSTUVWXY
ABCDEFGHIJKLMNOPQRSTUVWXY
ABCDEFGHIJKLMNOPQRSTUVWXY
ABCDEFGHIJKLMNOPQRSTUVWXY
ABCDEFGHIJKLMNOPQRSTUVWXY
ABCDEFGHIJKLMNOPQRSTUVWXY
ABCDEFGHIJKLMNOPQRSTUVWXY
ABCDEFGHIJKLMNOPQRSTUVWXY
ABCDEFGHIJKLMNOPQRSTUVWXY
ABCDEFGHIJKLMNOPQRSTUVWXY
ABCDEFGHIJKLMNOPQRSTUVWXY
ABCDEFGHIJKLMNOPQRSTUVWXY
ABCDEFGHIJKLMNOPQRSTUVWXY
ABCDEFGHIJKLMNOPQRSTUVWXY
ABCDEFGHIJKLMNOPQRSTUVWXY
ABCDEFGHIJKLMNOPQRSTUVWXY
ABCDEFGHIJKLMNOPQRSTUVWXY
ABCDEFGHIJKLMNOPQRSTUVWXY
ABCDEFGHIJKLMNOPQRSTUVWXY
ABCDEFGHIJKLMNOPQRSTUVWXY
ABCDEFGHIJKLMNOPQRSTUVWXY
Case #80:
SSSSSSSSSSSSSSSSSSSSSSSSS
SSSSSSSSSSSSSSSSSSSSSSSSS
VVVVVVVVVVVVVVVVVVVVVVVVV
VVVVVVVVVVVVVVVVVVVVVVVVV
GGGGGGGGGGGGGGGGGGGKKKKKK
BBBBBBBBBBBBBBUUUUUUUUUUM
EEEEEEEEEEEEEEEEEEEEEEEEE
WWWWWWLLLLAAOOOOOOOOOOOOO
WWWWWWLLLLAAOOOOOOOOOOOOO
TTTTTTZZZZZZZZZZZZZZZZIII
TTTTTTZZZZZZZZZZZZZZZZIII
NNNNNNNNNNNNNNNNNNNDDDDDD
NNNNNNNNNNNNNNNNNNNDDDDDD
FFFFFYYYYYYYYYYYYYYYYYYYY
FFFFFYYYYYYYYYYYYYYYYYYYY
HHHHHHHHHHHHHHHHHHHHHHHHH
PPPPPPPPPPPPPPPPPPPPPPPPP
PPPPPPPPPPPPPPPPPPPPPPPPP
RRRRRRRRRRRRRRRRRXXXXXXXX
CCCCCCCCCCCCCCCCCCCCCCCCC
QQQQQQQQQQQQQQQQQQQQQQQQQ
QQQQQQQQQQQQQQQQQQQQQQQQQ
JJJJJJJJJJJJJJJJJJJJJJJJJ
JJJJJJJJJJJJJJJJJJJJJJJJJ
JJJJJJJJJJJJJJJJJJJJJJJJJ
Case #81:
A
A
Case #82:
AAAAAAABBBBBBBBBBBBBBBBBB
CCCCCCCCCCCCCCCCCCCCCCCCC
DDDDDDDDDDDDDDDDDDDDDDDDD
EEEEEEEEEEEEEEEEEEEEEEEEE
EEEEEEEEEEEEEEEEEEEEEEEEE
EEEEEEEEEEEEEEEEEEEEEEEEE
EEEEEEEEEEEEEEEEEEEEEEEEE
EEEEEEEEEEEEEEEEEEEEEEEEE
EEEEEEEEEEEEEEEEEEEEEEEEE
EEEEEEEEEEEEEEEEEEEEEEEEE
EEEEEEEEEEEEEEEEEEEEEEEEE
EEEEEEEEEEEEEEEEEEEEEEEEE
EEEEEEEEEEEEEEEEEEEEEEEEE
EEEEEEEEEEEEEEEEEEEEEEEEE
FFFFFFFFFFFFFHHHHHHHHHHHH
JJJJJJJJJJJJJJJJJJJJJJJJJ
JJJJJJJJJJJJJJJJJJJJJJJJJ
JJJJJJJJJJJJJJJJJJJJJJJJJ
JJJJJJJJJJJJJJJJJJJJJJJJJ
GGGGGGGGGGGGGGIIIIIIIIIII
GGGGGGGGGGGGGGIIIIIIIIIII
GGGGGGGGGGGGGGIIIIIIIIIII
GGGGGGGGGGGGGGIIIIIIIIIII
GGGGGGGGGGGGGGIIIIIIIIIII
GGGGGGGGGGGGGGIIIIIIIIIII
Case #83:
AA
Case #84:
TT
JA
FF
FF
LY
GG
GG
CC
CC
CC
WQ
BB
ZZ
ZZ
OX
SS
II
MM
KK
VV
UE
PR
DD
DD
HN
Case #85:
FFFFFFFFFFFFFFFFFFFFFFFFF
FFFFFFFFFFFFFFFFFFFFFFFFF
FFFFFFFFFFFFFFFFFFFFFFFFF
FFFFFFFFFFFFFFFFFFFFFFFFF
FFFFFFFFFFFFFFFFFFFFFFFFF
FFFFFFFFFFFFFFFFFFFFFFFFF
FFFFFFFFFFFFFFFFFFFFFFFFF
FFFFFFFFFFFFFFFFFFFFFFFFF
FFFFFFFFFFFFFFFFFFFFFFFFF
FFFFFFFFFFFFFFFFFFFFFFFFF
FFFFFFFFFFFFFFFFFFFFFFFFF
FFFFFFFFFFFFFFFFFFFFFFFFF
FFFFFFFFFFFFFFFFFFFFFFFFF
AAAAAAWWWWWWWWWWWWWWWWWWW
UUUUUUUUUUUUUUUUUUUUUUUUU
UUUUUUUUUUUUUUUUUUUUUUUUU
CCCCCCCCCCCCCCCCCCCCCCCCC
ZZZZZZZZZZKSSSSSSSSSSSSSS
OOOOOOOOOOOOMMMMMMMMMMMMM
LLLLLLLLLLLTTTTTTTTTTTTTT
QQQQQQQQJJBBBDDDDDDDDDDDD
PPPPPPPPPPPPPIIIIIIIIIIII
HHHHHHXXYYVVVVNNNNNNNNNNN
RRRRRRRRRRRREEEEEEEEEEEEE
GGGGGGGGGGGGGGGGGGGGGGGGG
Case #86:
PPPPPPPPPPPPPPPPPPPPPPPPP
PPPPPPPPPPPPPPPPPPPPPPPPP
PPPPPPPPPPPPPPPPPPPPPPPPP
PPPPPPPPPPPPPPPPPPPPPPPPP
XXXXXXXXXXXXXXXXXXXXXXXXX
WWWWWWWWWWWWWWWWWWWWWWWWW
LLLLLLLLLLLLLLLLLLLLLLLLB
HHHHHHHHHHHHHHHHHHHHHHHHH
TTTTTTTTTTTTTTTTTTTTTTTTT
OOOOOOOOOOOOOOOOOOVVVVVVV
OOOOOOOOOOOOOOOOOOVVVVVVV
FFFFFFFFFFFFFFFFFFFFFFFFF
QQQQQQQQQQQQQQQQQQQQQQQQQ
DDDDDDDDDDDDDDDDDDDDDDDDD
DDDDDDDDDDDDDDDDDDDDDDDDD
DDDDDDDDDDDDDDDDDDDDDDDDD
JJJJJJJJJJJJJJJJJJJJJJJJJ
SSSSSSSSUUUUUUUUUZZZZZZZZ
SSSSSSSSUUUUUUUUUZZZZZZZZ
YYYYYYYYYYYYYYYYYYYYNNNNN
AAAAAAAAAAAAAAAAAAAAAAAAA
RRRRRRRRRRRRRRRRRRRRRRRRR
MCCCCCCCCCCCCCCEEEEEEEEKK
IIIIIIIIIIIIIIIIIGGGGGGGG
IIIIIIIIIIIIIIIIIGGGGGGGG
Case #87:
AAAAAAABBBBBBBBBBBBBBBBBB
AAAAAAABBBBBBBBBBBBBBBBBB
AAAAAAABBBBBBBBBBBBBBBBBB
CCCCCCCCCCCCCCCCCCCCCCCCC
DDDDDDDDDDDDDDDDDDDDDDDDD
EEEEEEEEEEEEEEEEEEEEEEEEE
EEEEEEEEEEEEEEEEEEEEEEEEE
EEEEEEEEEEEEEEEEEEEEEEEEE
EEEEEEEEEEEEEEEEEEEEEEEEE
EEEEEEEEEEEEEEEEEEEEEEEEE
EEEEEEEEEEEEEEEEEEEEEEEEE
EEEEEEEEEEEEEEEEEEEEEEEEE
EEEEEEEEEEEEEEEEEEEEEEEEE
EEEEEEEEEEEEEEEEEEEEEEEEE
FFFFFFFFFFFFFFFHHHHHHHHHH
JJJJJJJJJJJJJJJJJJJJJJJJJ
JJJJJJJJJJJJJJJJJJJJJJJJJ
JJJJJJJJJJJJJJJJJJJJJJJJJ
JJJJJJJJJJJJJJJJJJJJJJJJJ
GGGGGGGGGGGGGGGGIIIIIIIII
GGGGGGGGGGGGGGGGIIIIIIIII
GGGGGGGGGGGGGGGGIIIIIIIII
GGGGGGGGGGGGGGGGIIIIIIIII
GGGGGGGGGGGGGGGGIIIIIIIII
GGGGGGGGGGGGGGGGIIIIIIIII
Case #88:
QQQQQQQQQQQQQQQZZZZZZZZZZ
QQQQQQQQQQQQQQQZZZZZZZZZZ
QQQQQQQQQQQQQQQZZZZZZZZZZ
QQQQQQQQQQQQQQQZZZZZZZZZZ
QQQQQQQQQQQQQQQZZZZZZZZZZ
QQQQQQQQQQQQQQQZZZZZZZZZZ
QQQQQQQQQQQQQQQZZZZZZZZZZ
QQQQQQQQQQQQQQQZZZZZZZZZZ
QQQQQQQQQQQQQQQZZZZZZZZZZ
QQQQQQQQQQQQQQQZZZZZZZZZZ
QQQQQQQQQQQQQQQZZZZZZZZZZ
QQQQQQQQQQQQQQQZZZZZZZZZZ
QQQQQQQQQQQQQQQZZZZZZZZZZ
QQQQQQQQQQQQQQQZZZZZZZZZZ
QQQQQQQQQQQQQQQZZZZZZZZZZ
QQQQQQQQQQQQQQQZZZZZZZZZZ
QQQQQQQQQQQQQQQZZZZZZZZZZ
QQQQQQQQQQQQQQQZZZZZZZZZZ
PPPPPPPPPPPPPPPHNNNNNNNNN
CCCCCCCCCCCCCCGGBLLLLLLLL
KKKKKKKKKKKKTYFFFFWMMMMMM
JJJJJJJJJJJJJJXXADDDDDDDD
OOOOOOOOOOOOOOOOUEEEEEEEE
SSSSSSSSSSSSSSSSSSSSSSSSS
IIIIIIIIIIIIIIVRRRRRRRRRR
Case #89:
XXXXXXXXXXXXXXXXXXXXXXXXX
XXXXXXXXXXXXXXXXXXXXXXXXX
XXXXXXXXXXXXXXXXXXXXXXXXX
XXXXXXXXXXXXXXXXXXXXXXXXX
VVVVVVVVVVVVVVVQQQQQQQQQQ
TTTTTTTTTTTTTUUNNNWWWWWWW
IIIIIIIIIIIIIKKKRAJJJJJJJ
EEEEEEEEEEEEEEYLZZZZZZZZZ
DDDDDDDDDDDDDFSCHHHHHHHHH
MMMMMMMMMMMMMMMGGGGGGGGGG
OOOOOOOOOOOOOOOBBBBBBBBBB
PPPPPPPPPPPPPPPPPPPPPPPPP
PPPPPPPPPPPPPPPPPPPPPPPPP
PPPPPPPPPPPPPPPPPPPPPPPPP
PPPPPPPPPPPPPPPPPPPPPPPPP
PPPPPPPPPPPPPPPPPPPPPPPPP
PPPPPPPPPPPPPPPPPPPPPPPPP
PPPPPPPPPPPPPPPPPPPPPPPPP
PPPPPPPPPPPPPPPPPPPPPPPPP
PPPPPPPPPPPPPPPPPPPPPPPPP
PPPPPPPPPPPPPPPPPPPPPPPPP
PPPPPPPPPPPPPPPPPPPPPPPPP
PPPPPPPPPPPPPPPPPPPPPPPPP
PPPPPPPPPPPPPPPPPPPPPPPPP
PPPPPPPPPPPPPPPPPPPPPPPPP
Case #90:
ZZZZZZZZZZZZZZHVVVUUUUUUU
NNNNNNNNNNKKKKKRRRRRRRRRR
IIIIIIIIIICBWEEXXXXPPPPPP
QQQQQQQQQQQQLLSSOGGGGGGGG
JJJJJJJJJJJJJMTTYYYYYYYYY
AAAAAAAAAAAAAAAFFFFFFFFFF
DDDDDDDDDDDDDDDDDDDDDDDDD
DDDDDDDDDDDDDDDDDDDDDDDDD
DDDDDDDDDDDDDDDDDDDDDDDDD
DDDDDDDDDDDDDDDDDDDDDDDDD
DDDDDDDDDDDDDDDDDDDDDDDDD
DDDDDDDDDDDDDDDDDDDDDDDDD
DDDDDDDDDDDDDDDDDDDDDDDDD
DDDDDDDDDDDDDDDDDDDDDDDDD
DDDDDDDDDDDDDDDDDDDDDDDDD
DDDDDDDDDDDDDDDDDDDDDDDDD
DDDDDDDDDDDDDDDDDDDDDDDDD
DDDDDDDDDDDDDDDDDDDDDDDDD
DDDDDDDDDDDDDDDDDDDDDDDDD
DDDDDDDDDDDDDDDDDDDDDDDDD
DDDDDDDDDDDDDDDDDDDDDDDDD
DDDDDDDDDDDDDDDDDDDDDDDDD
DDDDDDDDDDDDDDDDDDDDDDDDD
DDDDDDDDDDDDDDDDDDDDDDDDD
DDDDDDDDDDDDDDDDDDDDDDDDD
Case #91:
AAAAABBBBBBBBBBBBBBBBBBBB
AAAAABBBBBBBBBBBBBBBBBBBB
AAAAABBBBBBBBBBBBBBBBBBBB
AAAAABBBBBBBBBBBBBBBBBBBB
AAAAABBBBBBBBBBBBBBBBBBBB
AAAAABBBBBBBBBBBBBBBBBBBB
CCCCCCCCCCCCCCCCCCCCCCCCC
DDDDDDDDDDDDDDDDDDDDDDDDD
EEEEEEEEEEEEEEEEEEEEEEEEE
EEEEEEEEEEEEEEEEEEEEEEEEE
EEEEEEEEEEEEEEEEEEEEEEEEE
EEEEEEEEEEEEEEEEEEEEEEEEE
FFFFFFFFFFFFFFFFFFFHHHHHH
JJJJJJJJJJJJJJJJJJJJJJJJJ
JJJJJJJJJJJJJJJJJJJJJJJJJ
JJJJJJJJJJJJJJJJJJJJJJJJJ
JJJJJJJJJJJJJJJJJJJJJJJJJ
GGGGGGGGGGGGGGGGGGGGIIIII
GGGGGGGGGGGGGGGGGGGGIIIII
GGGGGGGGGGGGGGGGGGGGIIIII
GGGGGGGGGGGGGGGGGGGGIIIII
GGGGGGGGGGGGGGGGGGGGIIIII
GGGGGGGGGGGGGGGGGGGGIIIII
GGGGGGGGGGGGGGGGGGGGIIIII
GGGGGGGGGGGGGGGGGGGGIIIII
Case #92:
AAAAAAAAAAAAAAAAAAAABBBBB
AAAAAAAAAAAAAAAAAAAABBBBB
AAAAAAAAAAAAAAAAAAAABBBBB
AAAAAAAAAAAAAAAAAAAABBBBB
AAAAAAAAAAAAAAAAAAAABBBBB
AAAAAAAAAAAAAAAAAAAABBBBB
AAAAAAAAAAAAAAAAAAAABBBBB
AAAAAAAAAAAAAAAAAAAABBBBB
AAAAAAAAAAAAAAAAAAAABBBBB
AAAAAAAAAAAAAAAAAAAABBBBB
AAAAAAAAAAAAAAAAAAAABBBBB
AAAAAAAAAAAAAAAAAAAABBBBB
AAAAAAAAAAAAAAAAAAAABBBBB
AAAAAAAAAAAAAAAAAAAABBBBB
AAAAAAAAAAAAAAAAAAAABBBBB
AAAAAAAAAAAAAAAAAAAABBBBB
AAAAAAAAAAAAAAAAAAAABBBBB
AAAAAAAAAAAAAAAAAAAABBBBB
CCCCCCCCCCCCCCCCCCCCCCCCC
DDDDDDDDDDDDDDDDDDDDDDDDD
EEEEEEEEEEEEEEEEEEEEEEEEE
EEEEEEEEEEEEEEEEEEEEEEEEE
EEEEEEEEEEEEEEEEEEEEEEEEE
EEEEEEEEEEEEEEEEEEEEEEEEE
EEEEEEEEEEEEEEEEEEEEEEEEE
Case #93:
ABCDEFGHIJKLMNOPQRSTUVWXY
ABCDEFGHIJKLMNOPQRSTUVWXY
ABCDEFGHIJKLMNOPQRSTUVWXY
ABCDEFGHIJKLMNOPQRSTUVWXY
ABCDEFGHIJKLMNOPQRSTUVWXY
ABCDEFGHIJKLMNOPQRSTUVWXY
ABCDEFGHIJKLMNOPQRSTUVWXY
ABCDEFGHIJKLMNOPQRSTUVWXY
ABCDEFGHIJKLMNOPQRSTUVWXY
ABCDEFGHIJKLMNOPQRSTUVWXY
ABCDEFGHIJKLMNOPQRSTUVWXY
ABCDEFGHIJKLMNOPQRSTUVWXY
ABCDEFGHIJKLMNOPQRSTUVWXY
ABCDEFGHIJKLMNOPQRSTUVWXY
ABCDEFGHIJKLMNOPQRSTUVWXY
ABCDEFGHIJKLMNOPQRSTUVWXY
ABCDEFGHIJKLMNOPQRSTUVWXY
ABCDEFGHIJKLMNOPQRSTUVWXY
ABCDEFGHIJKLMNOPQRSTUVWXY
ABCDEFGHIJKLMNOPQRSTUVWXY
ABCDEFGHIJKLMNOPQRSTUVWXY
ABCDEFGHIJKLMNOPQRSTUVWXY
ABCDEFGHIJKLMNOPQRSTUVWXY
ABCDEFGHIJKLMNOPQRSTUVWXY
ABCDEFGHIJKLMNOPQRSTUVWXY
Case #94:
BBBBBBBBBBBBBBBBBBBBBBBBG
EEEEEEEEEEEEEEEEEEEEEHHHH
VVVVVVVVVVVVVVWWWWWWWWWWW
VVVVVVVVVVVVVVWWWWWWWWWWW
PPPPPPPPPPPPPPPPPPPPPPPPP
CCCCCCCCCCCCCCCCCCCCCCCCC
QQQQQQQQQQQQQQQQQQQQQQDDD
FFFFFFFFFFFFFFFFFFFFFFFFF
FFFFFFFFFFFFFFFFFFFFFFFFF
ZZZZZZZZZZZZZITTTTTTTTTTT
ZZZZZZZZZZZZZITTTTTTTTTTT
KKKKKKKKKKKKKKKKKKKKKKKKK
XXXXXXXXXXXXXXXXXXXXXXXXX
JJJJJJJJJJJJJJJJJJJLLLLLL
JJJJJJJJJJJJJJJJJJJLLLLLL
MMMMMMMMMMMMMMMMMMMMMMMMM
SSSSSSSSSSSSSSSSSSSSSSSSS
SSSSSSSSSSSSSSSSSSSSSSSSS
SSSSSSSSSSSSSSSSSSSSSSSSS
NNNNNNNNNNNNNNNNNNNNNNNNN
NNNNNNNNNNNNNNNNNNNNNNNNN
UUUUUUUUYYRRRRRRRRRRRRRRR
UUUUUUUUYYRRRRRRRRRRRRRRR
UUUUUUUUYYRRRRRRRRRRRRRRR
AAAAAAAAAAAAAAAAAOOOOOOOO
Case #95:
AAAAAAAAAAAAAAAAAAAAAAAAA
BBBBBBBBBBBBBBBBBBBBBBBBB
CCCCCCCCCCCCCCCCCCCCCCCCC
DDDDDDDDDDDDDDDDDDDDDDDDD
EEEEEEEEEEEEEEEEEEEEEEEEE
FFFFFFFFFFFFFFFFFFFFFFFFF
GGGGGGGGGGGGGGGGGGGGGGGGG
HHHHHHHHHHHHHHHHHHHHHHHHH
IIIIIIIIIIIIIIIIIIIIIIIII
JJJJJJJJJJJJJJJJJJJJJJJJJ
KKKKKKKKKKKKKKKKKKKKKKKKK
LLLLLLLLLLLLLLLLLLLLLLLLL
MMMMMMMMMMMMMMMMMMMMMMMMM
NNNNNNNNNNNNNNNNNNNNNNNNN
OOOOOOOOOOOOOOOOOOOOOOOOO
PPPPPPPPPPPPPPPPPPPPPPPPP
QQQQQQQQQQQQQQQQQQQQQQQQQ
RRRRRRRRRRRRRRRRRRRRRRRRR
SSSSSSSSSSSSSSSSSSSSSSSSS
TTTTTTTTTTTTTTTTTTTTTTTTT
UUUUUUUUUUUUUUUUUUUUUUUUU
VVVVVVVVVVVVVVVVVVVVVVVVV
WWWWWWWWWWWWWWWWWWWWWWWWW
XXXXXXXXXXXXXXXXXXXXXXXXX
YYYYYYYYYYYYYYYYYYYYYYYYY
Case #96:
AAAA
AAAA
AAAA
AAAA
AAAA
CBDD
Case #97:
BBGG
FFFD
CEAA
Case #98:
AAAAAAAAAAAAAAAAAAAAAAAAA
BBBBBBBBBBBBBBBBBBBBBBBBB
CCCCCCCCCCCCCCCCCCCCCCCCC
DDDDDDDDDDDDDDDDDDDDDDDDD
EEEEEEEEEEEEEEEEEEEEEEEEE
FFFFFFFFFFFFFFFFFFFFFFFFF
GGGGGGGGGGGGGGGGGGGGGGGGG
HHHHHHHHHHHHHHHHHHHHHHHHH
IIIIIIIIIIIIIIIIIIIIIIIII
JJJJJJJJJJJJJJJJJJJJJJJJJ
KKKKKKKKKKKKKKKKKKKKKKKKK
LLLLLLLLLLLLLLLLLLLLLLLLL
MMMMMMMMMMMMMMMMMMMMMMMMM
NNNNNNNNNNNNNNNNNNNNNNNNN
OOOOOOOOOOOOOOOOOOOOOOOOO
PPPPPPPPPPPPPPPPPPPPPPPPP
QQQQQQQQQQQQQQQQQQQQQQQQQ
RRRRRRRRRRRRRRRRRRRRRRRRR
SSSSSSSSSSSSSSSSSSSSSSSSS
TTTTTTTTTTTTTTTTTTTTTTTTT
UUUUUUUUUUUUUUUUUUUUUUUUU
VVVVVVVVVVVVVVVVVVVVVVVVV
WWWWWWWWWWWWWWWWWWWWWWWWW
XXXXXXXXXXXXXXXXXXXXXXXXX
YYYYYYYYYYYYYYYYYYYYYYYYY
Case #99:
AAAAAAAAAAAAAAAAAAAAAAAAA
BBBBBBBBBBBBBBBBBBBBBBBBB
CCCCCCCCCCCCCCCCCCCCCCCCC
DDDDDDDDDDDDDDDDDDDDDDDDD
EEEEEEEEEEEEEEEEEEEEEEEEE
FFFFFFFFFFFFFFFFFFFFFFFFF
GGGGGGGGGGGGGGGGGGGGGGGGG
HHHHHHHHHHHHHHHHHHHHHHHHH
IIIIIIIIIIIIIIIIIIIIIIIII
JJJJJJJJJJJJJJJJJJJJJJJJJ
KKKKKKKKKKKKKKKKKKKKKKKKK
LLLLLLLLLLLLLLLLLLLLLLLLL
MMMMMMMMMMMMMMMMMMMMMMMMM
NNNNNNNNNNNNNNNNNNNNNNNNN
OOOOOOOOOOOOOOOOOOOOOOOOO
PPPPPPPPPPPPPPPPPPPPPPPPP
QQQQQQQQQQQQQQQQQQQQQQQQQ
RRRRRRRRRRRRRRRRRRRRRRRRR
SSSSSSSSSSSSSSSSSSSSSSSSS
TTTTTTTTTTTTTTTTTTTTTTTTT
UUUUUUUUUUUUUUUUUUUUUUUUU
VVVVVVVVVVVVVVVVVVVVVVVVV
WWWWWWWWWWWWWWWWWWWWWWWWW
XXXXXXXXXXXXXXXXXXXXXXXXX
YYYYYYYYYYYYYYYYYYYYYYYYY
Case #100:
VVVVVVVVVVVVVVVVVVVVVVVVM
VVVVVVVVVVVVVVVVVVVVVVVVM
VVVVVVVVVVVVVVVVVVVVVVVVM
AAAAAAAAAAAAAAAAAAAAAAAAA
XXXXXXXXXCCCCCCCCCCCCCCCC
NNNNNNNNNNNNNNNNNNNZZOOOO
NNNNNNNNNNNNNNNNNNNZZOOOO
DDDDDDDDDDGGGGGGGGGGGGGGT
YYYYYYYYYYYYYYYYYYYYYYYYY
YYYYYYYYYYYYYYYYYYYYYYYYY
UUUUUUUUUUUUUUUUUUUUUUUUU
UUUUUUUUUUUUUUUUUUUUUUUUU
KKKKKKKKKKKKKKKKKKKKKKIII
KKKKKKKKKKKKKKKKKKKKKKIII
RRRRRRRRRRRRRRRRRRRRRRRRR
RRRRRRRRRRRRRRRRRRRRRRRRR
LLLLLLLLLLLLLLLLLLLLLLLLL
JJJJJJJJJJJJJJJJEEEEEEEEE
WWWWWWWWWWWWWWWWWQQQPPPPP
WWWWWWWWWWWWWWWWWQQQPPPPP
HHHHHHHHHHHHHHHHHHHHHHHHH
SSSSSSSSSSSSSSSSSSSSSSSSS
BBBBBBBBBBBBBBBBBBBBBBBBB
FFFFFFFFFFFFFFFFFFFFFFFFF
FFFFFFFFFFFFFFFFFFFFFFFFF
